This file contains any messages produced by compilers while
running configure, to aid debugging if configure makes a mistake.

It was created by configure, which was
generated by GNU Autoconf 2.69.  Invocation command line was

  $ ./configure --prefix=/home/jiamin/usr --with-apr=/home/jiamin/usr --with-apr-util=/home/jiamin/usr

## --------- ##
## Platform. ##
## --------- ##

hostname = salat2
uname -m = x86_64
uname -r = 2.6.32-573.8.1.el6.x86_64
uname -s = Linux
uname -v = #1 SMP Fri Sep 25 19:24:22 EDT 2015

/usr/bin/uname -p = unknown
/bin/uname -X     = unknown

/bin/arch              = x86_64
/usr/bin/arch -k       = unknown
/usr/convex/getsysinfo = unknown
/usr/bin/hostinfo      = unknown
/bin/machine           = unknown
/usr/bin/oslevel       = unknown
/bin/universe          = unknown

PATH: /home/jiamin/jdk1.8.0_71/bin
PATH: /home/jiamin/usr/bin
PATH: /home/jiamin/usr/sbin
PATH: /home/jiamin/python/bin
PATH: /home/jiamin/gcc/bin
PATH: /home/jiamin/tmux/bin
PATH: /home/jiamin/zsh/bin/
PATH: /home/jiamin/mysql/bin
PATH: /home/jiamin/vldb/voltdb/bin
PATH: /home/jiamin/postgres/bin
PATH: /home/jiamin/oracle/home/bin
PATH: /usr/local/bin
PATH: /usr/bin
PATH: /bin
PATH: /usr/sbin
PATH: /sbin


## ----------- ##
## Core tests. ##
## ----------- ##

configure:3100: checking for chosen layout
configure:3102: result: Apache
configure:3905: checking for working mkdir -p
configure:3921: result: yes
configure:3930: checking for grep that handles long lines and -e
configure:3988: result: /bin/grep
configure:3993: checking for egrep
configure:4055: result: /bin/grep -E
configure:4071: checking build system type
configure:4085: result: x86_64-unknown-linux-gnu
configure:4105: checking host system type
configure:4118: result: x86_64-unknown-linux-gnu
configure:4138: checking target system type
configure:4151: result: x86_64-unknown-linux-gnu
configure:4181: 
configure:4183: Configuring Apache Portable Runtime library...
configure:4185: 
configure:4226: checking for APR
configure:4371: result: yes
configure:4631: 
configure:4633: Configuring Apache Portable Runtime Utility library...
configure:4635: 
configure:4672: checking for APR-util
configure:4751: result: yes
configure:5012: checking for gcc
configure:5039: result: /home/jiamin/gcc/bin/gcc
configure:5268: checking for C compiler version
configure:5277: /home/jiamin/gcc/bin/gcc --version >&5
gcc (GCC) 4.9.2
Copyright (C) 2014 Free Software Foundation, Inc.
This is free software; see the source for copying conditions.  There is NO
warranty; not even for MERCHANTABILITY or FITNESS FOR A PARTICULAR PURPOSE.

configure:5288: $? = 0
configure:5277: /home/jiamin/gcc/bin/gcc -v >&5
Using built-in specs.
COLLECT_GCC=/home/jiamin/gcc/bin/gcc
COLLECT_LTO_WRAPPER=/home/jiamin/gcc/libexec/gcc/x86_64-unknown-linux-gnu/4.9.2/lto-wrapper
Target: x86_64-unknown-linux-gnu
Configured with: ../gcc-4.9.2/configure --prefix=/home/jiamin/gcc --disable-multilib --enable-shared --enable-languages=c,c++
Thread model: posix
gcc version 4.9.2 (GCC) 
configure:5288: $? = 0
configure:5277: /home/jiamin/gcc/bin/gcc -V >&5
gcc: error: unrecognized command line option '-V'
gcc: fatal error: no input files
compilation terminated.
configure:5288: $? = 1
configure:5277: /home/jiamin/gcc/bin/gcc -qversion >&5
gcc: error: unrecognized command line option '-qversion'
gcc: fatal error: no input files
compilation terminated.
configure:5288: $? = 1
configure:5308: checking whether the C compiler works
configure:5330: /home/jiamin/gcc/bin/gcc  -g -O2 -pthread  -DLINUX -D_REENTRANT -D_GNU_SOURCE   conftest.c  >&5
configure:5334: $? = 0
configure:5382: result: yes
configure:5385: checking for C compiler default output file name
configure:5387: result: a.out
configure:5393: checking for suffix of executables
configure:5400: /home/jiamin/gcc/bin/gcc -o conftest  -g -O2 -pthread  -DLINUX -D_REENTRANT -D_GNU_SOURCE   conftest.c  >&5
configure:5404: $? = 0
configure:5426: result: 
configure:5448: checking whether we are cross compiling
configure:5456: /home/jiamin/gcc/bin/gcc -o conftest  -g -O2 -pthread  -DLINUX -D_REENTRANT -D_GNU_SOURCE   conftest.c  >&5
configure:5460: $? = 0
configure:5467: ./conftest
configure:5471: $? = 0
configure:5486: result: no
configure:5491: checking for suffix of object files
configure:5513: /home/jiamin/gcc/bin/gcc -c  -g -O2 -pthread  -DLINUX -D_REENTRANT -D_GNU_SOURCE conftest.c >&5
configure:5517: $? = 0
configure:5538: result: o
configure:5542: checking whether we are using the GNU C compiler
configure:5561: /home/jiamin/gcc/bin/gcc -c  -g -O2 -pthread  -DLINUX -D_REENTRANT -D_GNU_SOURCE conftest.c >&5
configure:5561: $? = 0
configure:5570: result: yes
configure:5579: checking whether /home/jiamin/gcc/bin/gcc accepts -g
configure:5599: /home/jiamin/gcc/bin/gcc -c -g  -DLINUX -D_REENTRANT -D_GNU_SOURCE conftest.c >&5
configure:5599: $? = 0
configure:5640: result: yes
configure:5657: checking for /home/jiamin/gcc/bin/gcc option to accept ISO C89
configure:5720: /home/jiamin/gcc/bin/gcc  -c  -g -O2 -pthread  -DLINUX -D_REENTRANT -D_GNU_SOURCE conftest.c >&5
configure:5720: $? = 0
configure:5733: result: none needed
configure:5758: checking how to run the C preprocessor
configure:5828: result: /home/jiamin/gcc/bin/gcc -E
configure:5848: /home/jiamin/gcc/bin/gcc -E  -DLINUX -D_REENTRANT -D_GNU_SOURCE conftest.c
configure:5848: $? = 0
configure:5862: /home/jiamin/gcc/bin/gcc -E  -DLINUX -D_REENTRANT -D_GNU_SOURCE conftest.c
conftest.c:9:28: fatal error: ac_nonexistent.h: No such file or directory
 #include <ac_nonexistent.h>
                            ^
compilation terminated.
configure:5862: $? = 1
configure: failed program was:
| /* confdefs.h */
| #define PACKAGE_NAME ""
| #define PACKAGE_TARNAME ""
| #define PACKAGE_VERSION ""
| #define PACKAGE_STRING ""
| #define PACKAGE_BUGREPORT ""
| #define PACKAGE_URL ""
| /* end confdefs.h.  */
| #include <ac_nonexistent.h>
configure:5891: checking for /home/jiamin/gcc/bin/gcc option to accept ISO C99
configure:6040: /home/jiamin/gcc/bin/gcc  -c  -g -O2 -pthread  -DLINUX -D_REENTRANT -D_GNU_SOURCE conftest.c >&5
conftest.c:59:29: error: expected ';', ',' or ')' before 'text'
 test_restrict (ccp restrict text)
                             ^
conftest.c: In function 'main':
conftest.c:113:18: error: expected '=', ',', ';', 'asm' or '__attribute__' before 'newvar'
   char *restrict newvar = "Another string";
                  ^
conftest.c:113:18: error: 'newvar' undeclared (first use in this function)
conftest.c:113:18: note: each undeclared identifier is reported only once for each function it appears in
conftest.c:123:3: error: 'for' loop initial declarations are only allowed in C99 or C11 mode
   for (int i = 0; i < ia->datasize; ++i)
   ^
conftest.c:123:3: note: use option -std=c99, -std=gnu99, -std=c11 or -std=gnu11 to compile your code
configure:6040: $? = 1
configure: failed program was:
| /* confdefs.h */
| #define PACKAGE_NAME ""
| #define PACKAGE_TARNAME ""
| #define PACKAGE_VERSION ""
| #define PACKAGE_STRING ""
| #define PACKAGE_BUGREPORT ""
| #define PACKAGE_URL ""
| /* end confdefs.h.  */
| #include <stdarg.h>
| #include <stdbool.h>
| #include <stdlib.h>
| #include <wchar.h>
| #include <stdio.h>
| 
| // Check varargs macros.  These examples are taken from C99 6.10.3.5.
| #define debug(...) fprintf (stderr, __VA_ARGS__)
| #define showlist(...) puts (#__VA_ARGS__)
| #define report(test,...) ((test) ? puts (#test) : printf (__VA_ARGS__))
| static void
| test_varargs_macros (void)
| {
|   int x = 1234;
|   int y = 5678;
|   debug ("Flag");
|   debug ("X = %d\n", x);
|   showlist (The first, second, and third items.);
|   report (x>y, "x is %d but y is %d", x, y);
| }
| 
| // Check long long types.
| #define BIG64 18446744073709551615ull
| #define BIG32 4294967295ul
| #define BIG_OK (BIG64 / BIG32 == 4294967297ull && BIG64 % BIG32 == 0)
| #if !BIG_OK
|   your preprocessor is broken;
| #endif
| #if BIG_OK
| #else
|   your preprocessor is broken;
| #endif
| static long long int bignum = -9223372036854775807LL;
| static unsigned long long int ubignum = BIG64;
| 
| struct incomplete_array
| {
|   int datasize;
|   double data[];
| };
| 
| struct named_init {
|   int number;
|   const wchar_t *name;
|   double average;
| };
| 
| typedef const char *ccp;
| 
| static inline int
| test_restrict (ccp restrict text)
| {
|   // See if C++-style comments work.
|   // Iterate through items via the restricted pointer.
|   // Also check for declarations in for loops.
|   for (unsigned int i = 0; *(text+i) != '\0'; ++i)
|     continue;
|   return 0;
| }
| 
| // Check varargs and va_copy.
| static void
| test_varargs (const char *format, ...)
| {
|   va_list args;
|   va_start (args, format);
|   va_list args_copy;
|   va_copy (args_copy, args);
| 
|   const char *str;
|   int number;
|   float fnumber;
| 
|   while (*format)
|     {
|       switch (*format++)
| 	{
| 	case 's': // string
| 	  str = va_arg (args_copy, const char *);
| 	  break;
| 	case 'd': // int
| 	  number = va_arg (args_copy, int);
| 	  break;
| 	case 'f': // float
| 	  fnumber = va_arg (args_copy, double);
| 	  break;
| 	default:
| 	  break;
| 	}
|     }
|   va_end (args_copy);
|   va_end (args);
| }
| 
| int
| main ()
| {
| 
|   // Check bool.
|   _Bool success = false;
| 
|   // Check restrict.
|   if (test_restrict ("String literal") == 0)
|     success = true;
|   char *restrict newvar = "Another string";
| 
|   // Check varargs.
|   test_varargs ("s, d' f .", "string", 65, 34.234);
|   test_varargs_macros ();
| 
|   // Check flexible array members.
|   struct incomplete_array *ia =
|     malloc (sizeof (struct incomplete_array) + (sizeof (double) * 10));
|   ia->datasize = 10;
|   for (int i = 0; i < ia->datasize; ++i)
|     ia->data[i] = i * 1.234;
| 
|   // Check named initializers.
|   struct named_init ni = {
|     .number = 34,
|     .name = L"Test wide string",
|     .average = 543.34343,
|   };
| 
|   ni.number = 58;
| 
|   int dynamic_array[ni.number];
|   dynamic_array[ni.number - 1] = 543;
| 
|   // work around unused variable warnings
|   return (!success || bignum == 0LL || ubignum == 0uLL || newvar[0] == 'x'
| 	  || dynamic_array[ni.number - 1] != 543);
| 
|   ;
|   return 0;
| }
configure:6040: /home/jiamin/gcc/bin/gcc -std=gnu99 -c  -g -O2 -pthread  -DLINUX -D_REENTRANT -D_GNU_SOURCE conftest.c >&5
configure:6040: $? = 0
configure:6060: result: -std=gnu99
configure:6084: checking for pcre-config
configure:6102: found /home/jiamin/usr/bin/pcre-config
configure:6115: result: /home/jiamin/usr/bin/pcre-config
configure:6138: Using external PCRE library from /home/jiamin/usr/bin/pcre-config
configure:6190: 
configure:6192: Configuring Apache httpd...
configure:6194: 
configure:6334: 
configure:6336: Applying OS-specific hints for httpd...
configure:6338: 
configure:6504: checking for rm
configure:6522: found /bin/rm
configure:6534: result: /bin/rm
configure:6544: checking for pkg-config
configure:6562: found /usr/bin/pkg-config
configure:6574: result: /usr/bin/pkg-config
configure:6584: checking for rsync
configure:6602: found /usr/bin/rsync
configure:6614: result: /usr/bin/rsync
configure:6626: checking for gawk
configure:6642: found /usr/bin/gawk
configure:6653: result: gawk
configure:6664: checking whether ln -s works
configure:6668: result: yes
configure:6718: checking for ranlib
configure:6734: found /usr/bin/ranlib
configure:6745: result: ranlib
configure:6771: checking for lynx
configure:6801: result: no
configure:6771: checking for links
configure:6787: found /usr/bin/links
configure:6798: result: links
configure:6826: checking for ANSI C header files
configure:6846: /home/jiamin/gcc/bin/gcc -std=gnu99 -c  -g -O2 -pthread  -DLINUX -D_REENTRANT -D_GNU_SOURCE conftest.c >&5
configure:6846: $? = 0
configure:6919: /home/jiamin/gcc/bin/gcc -std=gnu99 -o conftest  -g -O2 -pthread  -DLINUX -D_REENTRANT -D_GNU_SOURCE   conftest.c  >&5
configure:6919: $? = 0
configure:6919: ./conftest
configure:6919: $? = 0
configure:6930: result: yes
configure:6943: checking for sys/types.h
configure:6943: /home/jiamin/gcc/bin/gcc -std=gnu99 -c  -g -O2 -pthread  -DLINUX -D_REENTRANT -D_GNU_SOURCE conftest.c >&5
configure:6943: $? = 0
configure:6943: result: yes
configure:6943: checking for sys/stat.h
configure:6943: /home/jiamin/gcc/bin/gcc -std=gnu99 -c  -g -O2 -pthread  -DLINUX -D_REENTRANT -D_GNU_SOURCE conftest.c >&5
configure:6943: $? = 0
configure:6943: result: yes
configure:6943: checking for stdlib.h
configure:6943: /home/jiamin/gcc/bin/gcc -std=gnu99 -c  -g -O2 -pthread  -DLINUX -D_REENTRANT -D_GNU_SOURCE conftest.c >&5
configure:6943: $? = 0
configure:6943: result: yes
configure:6943: checking for string.h
configure:6943: /home/jiamin/gcc/bin/gcc -std=gnu99 -c  -g -O2 -pthread  -DLINUX -D_REENTRANT -D_GNU_SOURCE conftest.c >&5
configure:6943: $? = 0
configure:6943: result: yes
configure:6943: checking for memory.h
configure:6943: /home/jiamin/gcc/bin/gcc -std=gnu99 -c  -g -O2 -pthread  -DLINUX -D_REENTRANT -D_GNU_SOURCE conftest.c >&5
configure:6943: $? = 0
configure:6943: result: yes
configure:6943: checking for strings.h
configure:6943: /home/jiamin/gcc/bin/gcc -std=gnu99 -c  -g -O2 -pthread  -DLINUX -D_REENTRANT -D_GNU_SOURCE conftest.c >&5
configure:6943: $? = 0
configure:6943: result: yes
configure:6943: checking for inttypes.h
configure:6943: /home/jiamin/gcc/bin/gcc -std=gnu99 -c  -g -O2 -pthread  -DLINUX -D_REENTRANT -D_GNU_SOURCE conftest.c >&5
configure:6943: $? = 0
configure:6943: result: yes
configure:6943: checking for stdint.h
configure:6943: /home/jiamin/gcc/bin/gcc -std=gnu99 -c  -g -O2 -pthread  -DLINUX -D_REENTRANT -D_GNU_SOURCE conftest.c >&5
configure:6943: $? = 0
configure:6943: result: yes
configure:6943: checking for unistd.h
configure:6943: /home/jiamin/gcc/bin/gcc -std=gnu99 -c  -g -O2 -pthread  -DLINUX -D_REENTRANT -D_GNU_SOURCE conftest.c >&5
configure:6943: $? = 0
configure:6943: result: yes
configure:6956: checking minix/config.h usability
configure:6956: /home/jiamin/gcc/bin/gcc -std=gnu99 -c  -g -O2 -pthread  -DLINUX -D_REENTRANT -D_GNU_SOURCE conftest.c >&5
conftest.c:52:26: fatal error: minix/config.h: No such file or directory
 #include <minix/config.h>
                          ^
compilation terminated.
configure:6956: $? = 1
configure: failed program was:
| /* confdefs.h */
| #define PACKAGE_NAME ""
| #define PACKAGE_TARNAME ""
| #define PACKAGE_VERSION ""
| #define PACKAGE_STRING ""
| #define PACKAGE_BUGREPORT ""
| #define PACKAGE_URL ""
| #define STDC_HEADERS 1
| #define HAVE_SYS_TYPES_H 1
| #define HAVE_SYS_STAT_H 1
| #define HAVE_STDLIB_H 1
| #define HAVE_STRING_H 1
| #define HAVE_MEMORY_H 1
| #define HAVE_STRINGS_H 1
| #define HAVE_INTTYPES_H 1
| #define HAVE_STDINT_H 1
| #define HAVE_UNISTD_H 1
| /* end confdefs.h.  */
| #include <stdio.h>
| #ifdef HAVE_SYS_TYPES_H
| # include <sys/types.h>
| #endif
| #ifdef HAVE_SYS_STAT_H
| # include <sys/stat.h>
| #endif
| #ifdef STDC_HEADERS
| # include <stdlib.h>
| # include <stddef.h>
| #else
| # ifdef HAVE_STDLIB_H
| #  include <stdlib.h>
| # endif
| #endif
| #ifdef HAVE_STRING_H
| # if !defined STDC_HEADERS && defined HAVE_MEMORY_H
| #  include <memory.h>
| # endif
| # include <string.h>
| #endif
| #ifdef HAVE_STRINGS_H
| # include <strings.h>
| #endif
| #ifdef HAVE_INTTYPES_H
| # include <inttypes.h>
| #endif
| #ifdef HAVE_STDINT_H
| # include <stdint.h>
| #endif
| #ifdef HAVE_UNISTD_H
| # include <unistd.h>
| #endif
| #include <minix/config.h>
configure:6956: result: no
configure:6956: checking minix/config.h presence
configure:6956: /home/jiamin/gcc/bin/gcc -E  -DLINUX -D_REENTRANT -D_GNU_SOURCE conftest.c
conftest.c:19:26: fatal error: minix/config.h: No such file or directory
 #include <minix/config.h>
                          ^
compilation terminated.
configure:6956: $? = 1
configure: failed program was:
| /* confdefs.h */
| #define PACKAGE_NAME ""
| #define PACKAGE_TARNAME ""
| #define PACKAGE_VERSION ""
| #define PACKAGE_STRING ""
| #define PACKAGE_BUGREPORT ""
| #define PACKAGE_URL ""
| #define STDC_HEADERS 1
| #define HAVE_SYS_TYPES_H 1
| #define HAVE_SYS_STAT_H 1
| #define HAVE_STDLIB_H 1
| #define HAVE_STRING_H 1
| #define HAVE_MEMORY_H 1
| #define HAVE_STRINGS_H 1
| #define HAVE_INTTYPES_H 1
| #define HAVE_STDINT_H 1
| #define HAVE_UNISTD_H 1
| /* end confdefs.h.  */
| #include <minix/config.h>
configure:6956: result: no
configure:6956: checking for minix/config.h
configure:6956: result: no
configure:6977: checking whether it is safe to define __EXTENSIONS__
configure:6995: /home/jiamin/gcc/bin/gcc -std=gnu99 -c  -g -O2 -pthread  -DLINUX -D_REENTRANT -D_GNU_SOURCE conftest.c >&5
configure:6995: $? = 0
configure:7002: result: yes
configure:7018: checking for library containing strerror
configure:7049: /home/jiamin/gcc/bin/gcc -std=gnu99 -o conftest  -g -O2 -pthread  -DLINUX -D_REENTRANT -D_GNU_SOURCE   conftest.c  >&5
configure:7049: $? = 0
configure:7066: result: none required
configure:7088: checking for APR version 1.3.0 or later
configure:7112: result: yes
configure:7145: checking for APR-util version 1.3.0 or later
configure:7169: result: yes
configure:7271: checking for ANSI C header files
configure:7375: result: yes
configure:7399: checking for string.h
configure:7399: result: yes
configure:7399: checking limits.h usability
configure:7399: /home/jiamin/gcc/bin/gcc -std=gnu99 -c  -g -O2 -pthread  -DLINUX -D_REENTRANT -D_GNU_SOURCE conftest.c >&5
configure:7399: $? = 0
configure:7399: result: yes
configure:7399: checking limits.h presence
configure:7399: /home/jiamin/gcc/bin/gcc -E  -DLINUX -D_REENTRANT -D_GNU_SOURCE conftest.c
configure:7399: $? = 0
configure:7399: result: yes
configure:7399: checking for limits.h
configure:7399: result: yes
configure:7399: checking for unistd.h
configure:7399: result: yes
configure:7399: checking sys/socket.h usability
configure:7399: /home/jiamin/gcc/bin/gcc -std=gnu99 -c  -g -O2 -pthread  -DLINUX -D_REENTRANT -D_GNU_SOURCE conftest.c >&5
configure:7399: $? = 0
configure:7399: result: yes
configure:7399: checking sys/socket.h presence
configure:7399: /home/jiamin/gcc/bin/gcc -E  -DLINUX -D_REENTRANT -D_GNU_SOURCE conftest.c
configure:7399: $? = 0
configure:7399: result: yes
configure:7399: checking for sys/socket.h
configure:7399: result: yes
configure:7399: checking pwd.h usability
configure:7399: /home/jiamin/gcc/bin/gcc -std=gnu99 -c  -g -O2 -pthread  -DLINUX -D_REENTRANT -D_GNU_SOURCE conftest.c >&5
configure:7399: $? = 0
configure:7399: result: yes
configure:7399: checking pwd.h presence
configure:7399: /home/jiamin/gcc/bin/gcc -E  -DLINUX -D_REENTRANT -D_GNU_SOURCE conftest.c
configure:7399: $? = 0
configure:7399: result: yes
configure:7399: checking for pwd.h
configure:7399: result: yes
configure:7399: checking grp.h usability
configure:7399: /home/jiamin/gcc/bin/gcc -std=gnu99 -c  -g -O2 -pthread  -DLINUX -D_REENTRANT -D_GNU_SOURCE conftest.c >&5
configure:7399: $? = 0
configure:7399: result: yes
configure:7399: checking grp.h presence
configure:7399: /home/jiamin/gcc/bin/gcc -E  -DLINUX -D_REENTRANT -D_GNU_SOURCE conftest.c
configure:7399: $? = 0
configure:7399: result: yes
configure:7399: checking for grp.h
configure:7399: result: yes
configure:7399: checking for strings.h
configure:7399: result: yes
configure:7399: checking sys/prctl.h usability
configure:7399: /home/jiamin/gcc/bin/gcc -std=gnu99 -c  -g -O2 -pthread  -DLINUX -D_REENTRANT -D_GNU_SOURCE conftest.c >&5
configure:7399: $? = 0
configure:7399: result: yes
configure:7399: checking sys/prctl.h presence
configure:7399: /home/jiamin/gcc/bin/gcc -E  -DLINUX -D_REENTRANT -D_GNU_SOURCE conftest.c
configure:7399: $? = 0
configure:7399: result: yes
configure:7399: checking for sys/prctl.h
configure:7399: result: yes
configure:7399: checking sys/processor.h usability
configure:7399: /home/jiamin/gcc/bin/gcc -std=gnu99 -c  -g -O2 -pthread  -DLINUX -D_REENTRANT -D_GNU_SOURCE conftest.c >&5
conftest.c:66:27: fatal error: sys/processor.h: No such file or directory
 #include <sys/processor.h>
                           ^
compilation terminated.
configure:7399: $? = 1
configure: failed program was:
| /* confdefs.h */
| #define PACKAGE_NAME ""
| #define PACKAGE_TARNAME ""
| #define PACKAGE_VERSION ""
| #define PACKAGE_STRING ""
| #define PACKAGE_BUGREPORT ""
| #define PACKAGE_URL ""
| #define STDC_HEADERS 1
| #define HAVE_SYS_TYPES_H 1
| #define HAVE_SYS_STAT_H 1
| #define HAVE_STDLIB_H 1
| #define HAVE_STRING_H 1
| #define HAVE_MEMORY_H 1
| #define HAVE_STRINGS_H 1
| #define HAVE_INTTYPES_H 1
| #define HAVE_STDINT_H 1
| #define HAVE_UNISTD_H 1
| #define __EXTENSIONS__ 1
| #define _ALL_SOURCE 1
| #define _GNU_SOURCE 1
| #define _POSIX_PTHREAD_SEMANTICS 1
| #define _TANDEM_SOURCE 1
| #define STDC_HEADERS 1
| #define HAVE_STRING_H 1
| #define HAVE_LIMITS_H 1
| #define HAVE_UNISTD_H 1
| #define HAVE_SYS_SOCKET_H 1
| #define HAVE_PWD_H 1
| #define HAVE_GRP_H 1
| #define HAVE_STRINGS_H 1
| #define HAVE_SYS_PRCTL_H 1
| /* end confdefs.h.  */
| #include <stdio.h>
| #ifdef HAVE_SYS_TYPES_H
| # include <sys/types.h>
| #endif
| #ifdef HAVE_SYS_STAT_H
| # include <sys/stat.h>
| #endif
| #ifdef STDC_HEADERS
| # include <stdlib.h>
| # include <stddef.h>
| #else
| # ifdef HAVE_STDLIB_H
| #  include <stdlib.h>
| # endif
| #endif
| #ifdef HAVE_STRING_H
| # if !defined STDC_HEADERS && defined HAVE_MEMORY_H
| #  include <memory.h>
| # endif
| # include <string.h>
| #endif
| #ifdef HAVE_STRINGS_H
| # include <strings.h>
| #endif
| #ifdef HAVE_INTTYPES_H
| # include <inttypes.h>
| #endif
| #ifdef HAVE_STDINT_H
| # include <stdint.h>
| #endif
| #ifdef HAVE_UNISTD_H
| # include <unistd.h>
| #endif
| #include <sys/processor.h>
configure:7399: result: no
configure:7399: checking sys/processor.h presence
configure:7399: /home/jiamin/gcc/bin/gcc -E  -DLINUX -D_REENTRANT -D_GNU_SOURCE conftest.c
conftest.c:33:27: fatal error: sys/processor.h: No such file or directory
 #include <sys/processor.h>
                           ^
compilation terminated.
configure:7399: $? = 1
configure: failed program was:
| /* confdefs.h */
| #define PACKAGE_NAME ""
| #define PACKAGE_TARNAME ""
| #define PACKAGE_VERSION ""
| #define PACKAGE_STRING ""
| #define PACKAGE_BUGREPORT ""
| #define PACKAGE_URL ""
| #define STDC_HEADERS 1
| #define HAVE_SYS_TYPES_H 1
| #define HAVE_SYS_STAT_H 1
| #define HAVE_STDLIB_H 1
| #define HAVE_STRING_H 1
| #define HAVE_MEMORY_H 1
| #define HAVE_STRINGS_H 1
| #define HAVE_INTTYPES_H 1
| #define HAVE_STDINT_H 1
| #define HAVE_UNISTD_H 1
| #define __EXTENSIONS__ 1
| #define _ALL_SOURCE 1
| #define _GNU_SOURCE 1
| #define _POSIX_PTHREAD_SEMANTICS 1
| #define _TANDEM_SOURCE 1
| #define STDC_HEADERS 1
| #define HAVE_STRING_H 1
| #define HAVE_LIMITS_H 1
| #define HAVE_UNISTD_H 1
| #define HAVE_SYS_SOCKET_H 1
| #define HAVE_PWD_H 1
| #define HAVE_GRP_H 1
| #define HAVE_STRINGS_H 1
| #define HAVE_SYS_PRCTL_H 1
| /* end confdefs.h.  */
| #include <sys/processor.h>
configure:7399: result: no
configure:7399: checking for sys/processor.h
configure:7399: result: no
configure:7399: checking sys/sem.h usability
configure:7399: /home/jiamin/gcc/bin/gcc -std=gnu99 -c  -g -O2 -pthread  -DLINUX -D_REENTRANT -D_GNU_SOURCE conftest.c >&5
configure:7399: $? = 0
configure:7399: result: yes
configure:7399: checking sys/sem.h presence
configure:7399: /home/jiamin/gcc/bin/gcc -E  -DLINUX -D_REENTRANT -D_GNU_SOURCE conftest.c
configure:7399: $? = 0
configure:7399: result: yes
configure:7399: checking for sys/sem.h
configure:7399: result: yes
configure:7399: checking sys/sdt.h usability
configure:7399: /home/jiamin/gcc/bin/gcc -std=gnu99 -c  -g -O2 -pthread  -DLINUX -D_REENTRANT -D_GNU_SOURCE conftest.c >&5
conftest.c:67:21: fatal error: sys/sdt.h: No such file or directory
 #include <sys/sdt.h>
                     ^
compilation terminated.
configure:7399: $? = 1
configure: failed program was:
| /* confdefs.h */
| #define PACKAGE_NAME ""
| #define PACKAGE_TARNAME ""
| #define PACKAGE_VERSION ""
| #define PACKAGE_STRING ""
| #define PACKAGE_BUGREPORT ""
| #define PACKAGE_URL ""
| #define STDC_HEADERS 1
| #define HAVE_SYS_TYPES_H 1
| #define HAVE_SYS_STAT_H 1
| #define HAVE_STDLIB_H 1
| #define HAVE_STRING_H 1
| #define HAVE_MEMORY_H 1
| #define HAVE_STRINGS_H 1
| #define HAVE_INTTYPES_H 1
| #define HAVE_STDINT_H 1
| #define HAVE_UNISTD_H 1
| #define __EXTENSIONS__ 1
| #define _ALL_SOURCE 1
| #define _GNU_SOURCE 1
| #define _POSIX_PTHREAD_SEMANTICS 1
| #define _TANDEM_SOURCE 1
| #define STDC_HEADERS 1
| #define HAVE_STRING_H 1
| #define HAVE_LIMITS_H 1
| #define HAVE_UNISTD_H 1
| #define HAVE_SYS_SOCKET_H 1
| #define HAVE_PWD_H 1
| #define HAVE_GRP_H 1
| #define HAVE_STRINGS_H 1
| #define HAVE_SYS_PRCTL_H 1
| #define HAVE_SYS_SEM_H 1
| /* end confdefs.h.  */
| #include <stdio.h>
| #ifdef HAVE_SYS_TYPES_H
| # include <sys/types.h>
| #endif
| #ifdef HAVE_SYS_STAT_H
| # include <sys/stat.h>
| #endif
| #ifdef STDC_HEADERS
| # include <stdlib.h>
| # include <stddef.h>
| #else
| # ifdef HAVE_STDLIB_H
| #  include <stdlib.h>
| # endif
| #endif
| #ifdef HAVE_STRING_H
| # if !defined STDC_HEADERS && defined HAVE_MEMORY_H
| #  include <memory.h>
| # endif
| # include <string.h>
| #endif
| #ifdef HAVE_STRINGS_H
| # include <strings.h>
| #endif
| #ifdef HAVE_INTTYPES_H
| # include <inttypes.h>
| #endif
| #ifdef HAVE_STDINT_H
| # include <stdint.h>
| #endif
| #ifdef HAVE_UNISTD_H
| # include <unistd.h>
| #endif
| #include <sys/sdt.h>
configure:7399: result: no
configure:7399: checking sys/sdt.h presence
configure:7399: /home/jiamin/gcc/bin/gcc -E  -DLINUX -D_REENTRANT -D_GNU_SOURCE conftest.c
conftest.c:34:21: fatal error: sys/sdt.h: No such file or directory
 #include <sys/sdt.h>
                     ^
compilation terminated.
configure:7399: $? = 1
configure: failed program was:
| /* confdefs.h */
| #define PACKAGE_NAME ""
| #define PACKAGE_TARNAME ""
| #define PACKAGE_VERSION ""
| #define PACKAGE_STRING ""
| #define PACKAGE_BUGREPORT ""
| #define PACKAGE_URL ""
| #define STDC_HEADERS 1
| #define HAVE_SYS_TYPES_H 1
| #define HAVE_SYS_STAT_H 1
| #define HAVE_STDLIB_H 1
| #define HAVE_STRING_H 1
| #define HAVE_MEMORY_H 1
| #define HAVE_STRINGS_H 1
| #define HAVE_INTTYPES_H 1
| #define HAVE_STDINT_H 1
| #define HAVE_UNISTD_H 1
| #define __EXTENSIONS__ 1
| #define _ALL_SOURCE 1
| #define _GNU_SOURCE 1
| #define _POSIX_PTHREAD_SEMANTICS 1
| #define _TANDEM_SOURCE 1
| #define STDC_HEADERS 1
| #define HAVE_STRING_H 1
| #define HAVE_LIMITS_H 1
| #define HAVE_UNISTD_H 1
| #define HAVE_SYS_SOCKET_H 1
| #define HAVE_PWD_H 1
| #define HAVE_GRP_H 1
| #define HAVE_STRINGS_H 1
| #define HAVE_SYS_PRCTL_H 1
| #define HAVE_SYS_SEM_H 1
| /* end confdefs.h.  */
| #include <sys/sdt.h>
configure:7399: result: no
configure:7399: checking for sys/sdt.h
configure:7399: result: no
configure:7399: checking sys/loadavg.h usability
configure:7399: /home/jiamin/gcc/bin/gcc -std=gnu99 -c  -g -O2 -pthread  -DLINUX -D_REENTRANT -D_GNU_SOURCE conftest.c >&5
conftest.c:67:25: fatal error: sys/loadavg.h: No such file or directory
 #include <sys/loadavg.h>
                         ^
compilation terminated.
configure:7399: $? = 1
configure: failed program was:
| /* confdefs.h */
| #define PACKAGE_NAME ""
| #define PACKAGE_TARNAME ""
| #define PACKAGE_VERSION ""
| #define PACKAGE_STRING ""
| #define PACKAGE_BUGREPORT ""
| #define PACKAGE_URL ""
| #define STDC_HEADERS 1
| #define HAVE_SYS_TYPES_H 1
| #define HAVE_SYS_STAT_H 1
| #define HAVE_STDLIB_H 1
| #define HAVE_STRING_H 1
| #define HAVE_MEMORY_H 1
| #define HAVE_STRINGS_H 1
| #define HAVE_INTTYPES_H 1
| #define HAVE_STDINT_H 1
| #define HAVE_UNISTD_H 1
| #define __EXTENSIONS__ 1
| #define _ALL_SOURCE 1
| #define _GNU_SOURCE 1
| #define _POSIX_PTHREAD_SEMANTICS 1
| #define _TANDEM_SOURCE 1
| #define STDC_HEADERS 1
| #define HAVE_STRING_H 1
| #define HAVE_LIMITS_H 1
| #define HAVE_UNISTD_H 1
| #define HAVE_SYS_SOCKET_H 1
| #define HAVE_PWD_H 1
| #define HAVE_GRP_H 1
| #define HAVE_STRINGS_H 1
| #define HAVE_SYS_PRCTL_H 1
| #define HAVE_SYS_SEM_H 1
| /* end confdefs.h.  */
| #include <stdio.h>
| #ifdef HAVE_SYS_TYPES_H
| # include <sys/types.h>
| #endif
| #ifdef HAVE_SYS_STAT_H
| # include <sys/stat.h>
| #endif
| #ifdef STDC_HEADERS
| # include <stdlib.h>
| # include <stddef.h>
| #else
| # ifdef HAVE_STDLIB_H
| #  include <stdlib.h>
| # endif
| #endif
| #ifdef HAVE_STRING_H
| # if !defined STDC_HEADERS && defined HAVE_MEMORY_H
| #  include <memory.h>
| # endif
| # include <string.h>
| #endif
| #ifdef HAVE_STRINGS_H
| # include <strings.h>
| #endif
| #ifdef HAVE_INTTYPES_H
| # include <inttypes.h>
| #endif
| #ifdef HAVE_STDINT_H
| # include <stdint.h>
| #endif
| #ifdef HAVE_UNISTD_H
| # include <unistd.h>
| #endif
| #include <sys/loadavg.h>
configure:7399: result: no
configure:7399: checking sys/loadavg.h presence
configure:7399: /home/jiamin/gcc/bin/gcc -E  -DLINUX -D_REENTRANT -D_GNU_SOURCE conftest.c
conftest.c:34:25: fatal error: sys/loadavg.h: No such file or directory
 #include <sys/loadavg.h>
                         ^
compilation terminated.
configure:7399: $? = 1
configure: failed program was:
| /* confdefs.h */
| #define PACKAGE_NAME ""
| #define PACKAGE_TARNAME ""
| #define PACKAGE_VERSION ""
| #define PACKAGE_STRING ""
| #define PACKAGE_BUGREPORT ""
| #define PACKAGE_URL ""
| #define STDC_HEADERS 1
| #define HAVE_SYS_TYPES_H 1
| #define HAVE_SYS_STAT_H 1
| #define HAVE_STDLIB_H 1
| #define HAVE_STRING_H 1
| #define HAVE_MEMORY_H 1
| #define HAVE_STRINGS_H 1
| #define HAVE_INTTYPES_H 1
| #define HAVE_STDINT_H 1
| #define HAVE_UNISTD_H 1
| #define __EXTENSIONS__ 1
| #define _ALL_SOURCE 1
| #define _GNU_SOURCE 1
| #define _POSIX_PTHREAD_SEMANTICS 1
| #define _TANDEM_SOURCE 1
| #define STDC_HEADERS 1
| #define HAVE_STRING_H 1
| #define HAVE_LIMITS_H 1
| #define HAVE_UNISTD_H 1
| #define HAVE_SYS_SOCKET_H 1
| #define HAVE_PWD_H 1
| #define HAVE_GRP_H 1
| #define HAVE_STRINGS_H 1
| #define HAVE_SYS_PRCTL_H 1
| #define HAVE_SYS_SEM_H 1
| /* end confdefs.h.  */
| #include <sys/loadavg.h>
configure:7399: result: no
configure:7399: checking for sys/loadavg.h
configure:7399: result: no
configure:7409: checking for sys/wait.h that is POSIX.1 compatible
configure:7435: /home/jiamin/gcc/bin/gcc -std=gnu99 -c  -g -O2 -pthread  -DLINUX -D_REENTRANT -D_GNU_SOURCE conftest.c >&5
configure:7435: $? = 0
configure:7442: result: yes
configure:7452: checking for an ANSI C-conforming const
configure:7518: /home/jiamin/gcc/bin/gcc -std=gnu99 -c  -g -O2 -pthread  -DLINUX -D_REENTRANT -D_GNU_SOURCE conftest.c >&5
configure:7518: $? = 0
configure:7525: result: yes
configure:7536: checking for library containing sqrt
configure:7567: /home/jiamin/gcc/bin/gcc -std=gnu99 -o conftest  -g -O2 -pthread  -DLINUX -D_REENTRANT -D_GNU_SOURCE   conftest.c  >&5
conftest.c:42:6: warning: conflicting types for built-in function 'sqrt'
 char sqrt ();
      ^
/tmp/cc3fjpqz.o: In function `main':
/home/jiamin/httpd-2.4.23/conftest.c:46: undefined reference to `sqrt'
collect2: error: ld returned 1 exit status
configure:7567: $? = 1
configure: failed program was:
| /* confdefs.h */
| #define PACKAGE_NAME ""
| #define PACKAGE_TARNAME ""
| #define PACKAGE_VERSION ""
| #define PACKAGE_STRING ""
| #define PACKAGE_BUGREPORT ""
| #define PACKAGE_URL ""
| #define STDC_HEADERS 1
| #define HAVE_SYS_TYPES_H 1
| #define HAVE_SYS_STAT_H 1
| #define HAVE_STDLIB_H 1
| #define HAVE_STRING_H 1
| #define HAVE_MEMORY_H 1
| #define HAVE_STRINGS_H 1
| #define HAVE_INTTYPES_H 1
| #define HAVE_STDINT_H 1
| #define HAVE_UNISTD_H 1
| #define __EXTENSIONS__ 1
| #define _ALL_SOURCE 1
| #define _GNU_SOURCE 1
| #define _POSIX_PTHREAD_SEMANTICS 1
| #define _TANDEM_SOURCE 1
| #define STDC_HEADERS 1
| #define HAVE_STRING_H 1
| #define HAVE_LIMITS_H 1
| #define HAVE_UNISTD_H 1
| #define HAVE_SYS_SOCKET_H 1
| #define HAVE_PWD_H 1
| #define HAVE_GRP_H 1
| #define HAVE_STRINGS_H 1
| #define HAVE_SYS_PRCTL_H 1
| #define HAVE_SYS_SEM_H 1
| #define HAVE_SYS_WAIT_H 1
| /* end confdefs.h.  */
| 
| /* Override any GCC internal prototype to avoid an error.
|    Use char because int might match the return type of a GCC
|    builtin and then its argument prototype would still apply.  */
| #ifdef __cplusplus
| extern "C"
| #endif
| char sqrt ();
| int
| main ()
| {
| return sqrt ();
|   ;
|   return 0;
| }
configure:7567: /home/jiamin/gcc/bin/gcc -std=gnu99 -o conftest  -g -O2 -pthread  -DLINUX -D_REENTRANT -D_GNU_SOURCE   conftest.c -lm   >&5
conftest.c:42:6: warning: conflicting types for built-in function 'sqrt'
 char sqrt ();
      ^
configure:7567: $? = 0
configure:7584: result: -lm
configure:7601: checking for library containing crypt
configure:7632: /home/jiamin/gcc/bin/gcc -std=gnu99 -o conftest  -g -O2 -pthread  -DLINUX -D_REENTRANT -D_GNU_SOURCE   conftest.c  >&5
/tmp/ccC09T5K.o: In function `main':
/home/jiamin/httpd-2.4.23/conftest.c:46: undefined reference to `crypt'
collect2: error: ld returned 1 exit status
configure:7632: $? = 1
configure: failed program was:
| /* confdefs.h */
| #define PACKAGE_NAME ""
| #define PACKAGE_TARNAME ""
| #define PACKAGE_VERSION ""
| #define PACKAGE_STRING ""
| #define PACKAGE_BUGREPORT ""
| #define PACKAGE_URL ""
| #define STDC_HEADERS 1
| #define HAVE_SYS_TYPES_H 1
| #define HAVE_SYS_STAT_H 1
| #define HAVE_STDLIB_H 1
| #define HAVE_STRING_H 1
| #define HAVE_MEMORY_H 1
| #define HAVE_STRINGS_H 1
| #define HAVE_INTTYPES_H 1
| #define HAVE_STDINT_H 1
| #define HAVE_UNISTD_H 1
| #define __EXTENSIONS__ 1
| #define _ALL_SOURCE 1
| #define _GNU_SOURCE 1
| #define _POSIX_PTHREAD_SEMANTICS 1
| #define _TANDEM_SOURCE 1
| #define STDC_HEADERS 1
| #define HAVE_STRING_H 1
| #define HAVE_LIMITS_H 1
| #define HAVE_UNISTD_H 1
| #define HAVE_SYS_SOCKET_H 1
| #define HAVE_PWD_H 1
| #define HAVE_GRP_H 1
| #define HAVE_STRINGS_H 1
| #define HAVE_SYS_PRCTL_H 1
| #define HAVE_SYS_SEM_H 1
| #define HAVE_SYS_WAIT_H 1
| /* end confdefs.h.  */
| 
| /* Override any GCC internal prototype to avoid an error.
|    Use char because int might match the return type of a GCC
|    builtin and then its argument prototype would still apply.  */
| #ifdef __cplusplus
| extern "C"
| #endif
| char crypt ();
| int
| main ()
| {
| return crypt ();
|   ;
|   return 0;
| }
configure:7632: /home/jiamin/gcc/bin/gcc -std=gnu99 -o conftest  -g -O2 -pthread  -DLINUX -D_REENTRANT -D_GNU_SOURCE   conftest.c -lcrypt   >&5
configure:7632: $? = 0
configure:7649: result: -lcrypt
configure:7678: checking for getpwnam
configure:7678: /home/jiamin/gcc/bin/gcc -std=gnu99 -o conftest  -g -O2 -pthread  -DLINUX -D_REENTRANT -D_GNU_SOURCE   conftest.c  >&5
configure:7678: $? = 0
configure:7678: result: yes
configure:7678: checking for getgrnam
configure:7678: /home/jiamin/gcc/bin/gcc -std=gnu99 -o conftest  -g -O2 -pthread  -DLINUX -D_REENTRANT -D_GNU_SOURCE   conftest.c  >&5
configure:7678: $? = 0
configure:7678: result: yes
configure:7678: checking for initgroups
configure:7678: /home/jiamin/gcc/bin/gcc -std=gnu99 -o conftest  -g -O2 -pthread  -DLINUX -D_REENTRANT -D_GNU_SOURCE   conftest.c  >&5
configure:7678: $? = 0
configure:7678: result: yes
configure:7678: checking for bindprocessor
configure:7678: /home/jiamin/gcc/bin/gcc -std=gnu99 -o conftest  -g -O2 -pthread  -DLINUX -D_REENTRANT -D_GNU_SOURCE   conftest.c  >&5
/tmp/ccCzw43a.o: In function `main':
/home/jiamin/httpd-2.4.23/conftest.c:72: undefined reference to `bindprocessor'
collect2: error: ld returned 1 exit status
configure:7678: $? = 1
configure: failed program was:
| /* confdefs.h */
| #define PACKAGE_NAME ""
| #define PACKAGE_TARNAME ""
| #define PACKAGE_VERSION ""
| #define PACKAGE_STRING ""
| #define PACKAGE_BUGREPORT ""
| #define PACKAGE_URL ""
| #define STDC_HEADERS 1
| #define HAVE_SYS_TYPES_H 1
| #define HAVE_SYS_STAT_H 1
| #define HAVE_STDLIB_H 1
| #define HAVE_STRING_H 1
| #define HAVE_MEMORY_H 1
| #define HAVE_STRINGS_H 1
| #define HAVE_INTTYPES_H 1
| #define HAVE_STDINT_H 1
| #define HAVE_UNISTD_H 1
| #define __EXTENSIONS__ 1
| #define _ALL_SOURCE 1
| #define _GNU_SOURCE 1
| #define _POSIX_PTHREAD_SEMANTICS 1
| #define _TANDEM_SOURCE 1
| #define STDC_HEADERS 1
| #define HAVE_STRING_H 1
| #define HAVE_LIMITS_H 1
| #define HAVE_UNISTD_H 1
| #define HAVE_SYS_SOCKET_H 1
| #define HAVE_PWD_H 1
| #define HAVE_GRP_H 1
| #define HAVE_STRINGS_H 1
| #define HAVE_SYS_PRCTL_H 1
| #define HAVE_SYS_SEM_H 1
| #define HAVE_SYS_WAIT_H 1
| #define HAVE_GETPWNAM 1
| #define HAVE_GETGRNAM 1
| #define HAVE_INITGROUPS 1
| /* end confdefs.h.  */
| /* Define bindprocessor to an innocuous variant, in case <limits.h> declares bindprocessor.
|    For example, HP-UX 11i <limits.h> declares gettimeofday.  */
| #define bindprocessor innocuous_bindprocessor
| 
| /* System header to define __stub macros and hopefully few prototypes,
|     which can conflict with char bindprocessor (); below.
|     Prefer <limits.h> to <assert.h> if __STDC__ is defined, since
|     <limits.h> exists even on freestanding compilers.  */
| 
| #ifdef __STDC__
| # include <limits.h>
| #else
| # include <assert.h>
| #endif
| 
| #undef bindprocessor
| 
| /* Override any GCC internal prototype to avoid an error.
|    Use char because int might match the return type of a GCC
|    builtin and then its argument prototype would still apply.  */
| #ifdef __cplusplus
| extern "C"
| #endif
| char bindprocessor ();
| /* The GNU C library defines this for functions which it implements
|     to always fail with ENOSYS.  Some functions are actually named
|     something starting with __ and the normal name is an alias.  */
| #if defined __stub_bindprocessor || defined __stub___bindprocessor
| choke me
| #endif
| 
| int
| main ()
| {
| return bindprocessor ();
|   ;
|   return 0;
| }
configure:7678: result: no
configure:7678: checking for prctl
configure:7678: /home/jiamin/gcc/bin/gcc -std=gnu99 -o conftest  -g -O2 -pthread  -DLINUX -D_REENTRANT -D_GNU_SOURCE   conftest.c  >&5
configure:7678: $? = 0
configure:7678: result: yes
configure:7678: checking for timegm
configure:7678: /home/jiamin/gcc/bin/gcc -std=gnu99 -o conftest  -g -O2 -pthread  -DLINUX -D_REENTRANT -D_GNU_SOURCE   conftest.c  >&5
configure:7678: $? = 0
configure:7678: result: yes
configure:7678: checking for getpgid
configure:7678: /home/jiamin/gcc/bin/gcc -std=gnu99 -o conftest  -g -O2 -pthread  -DLINUX -D_REENTRANT -D_GNU_SOURCE   conftest.c  >&5
configure:7678: $? = 0
configure:7678: result: yes
configure:7678: checking for fopen64
configure:7678: /home/jiamin/gcc/bin/gcc -std=gnu99 -o conftest  -g -O2 -pthread  -DLINUX -D_REENTRANT -D_GNU_SOURCE   conftest.c  >&5
configure:7678: $? = 0
configure:7678: result: yes
configure:7678: checking for getloadavg
configure:7678: /home/jiamin/gcc/bin/gcc -std=gnu99 -o conftest  -g -O2 -pthread  -DLINUX -D_REENTRANT -D_GNU_SOURCE   conftest.c  >&5
configure:7678: $? = 0
configure:7678: result: yes
configure:7690: checking for void pointer length
configure:7706: /home/jiamin/gcc/bin/gcc -std=gnu99 -o conftest  -g -O2 -pthread  -DLINUX -D_REENTRANT -D_GNU_SOURCE   conftest.c  >&5
configure:7706: $? = 0
configure:7706: ./conftest
configure:7706: $? = 0
configure:7716: result: no
configure:7724: checking for gettid()
configure:7741: /home/jiamin/gcc/bin/gcc -std=gnu99 -o conftest  -g -O2 -pthread  -DLINUX -D_REENTRANT -D_GNU_SOURCE   conftest.c  >&5
conftest.c:43:0: warning: "_GNU_SOURCE" redefined
 #define _GNU_SOURCE
 ^
conftest.c:20:0: note: this is the location of the previous definition
 #define _GNU_SOURCE 1
 ^
configure:7741: $? = 0
configure:7741: ./conftest
configure:7741: $? = 0
configure:7751: result: yes
configure:7759: checking for tm_gmtoff in struct tm
configure:7776: /home/jiamin/gcc/bin/gcc -std=gnu99 -c  -g -O2 -pthread  -DLINUX -D_REENTRANT -D_GNU_SOURCE conftest.c >&5
configure:7776: $? = 0
configure:7783: result: yes
configure:8782: checking whether to enable mod_authn_file
configure:8843: result: shared
configure:8923: checking whether to enable mod_authn_dbm
configure:8984: result: shared (most)
configure:9064: checking whether to enable mod_authn_anon
configure:9125: result: shared (most)
configure:9205: checking whether to enable mod_authn_dbd
configure:9266: result: shared (most)
configure:9346: checking whether to enable mod_authn_socache
configure:9407: result: shared (most)
configure:9488: checking whether to enable mod_authn_core
configure:9549: result: shared
configure:9630: checking whether to enable mod_authz_host
configure:9691: result: shared
configure:9771: checking whether to enable mod_authz_groupfile
configure:9832: result: shared
configure:9912: checking whether to enable mod_authz_user
configure:9973: result: shared
configure:10053: checking whether to enable mod_authz_dbm
configure:10114: result: shared (most)
configure:10194: checking whether to enable mod_authz_owner
configure:10255: result: shared (most)
configure:10335: checking whether to enable mod_authz_dbd
configure:10396: result: shared (most)
configure:10477: checking whether to enable mod_authz_core
configure:10538: result: shared
configure:10619: checking whether to enable mod_authnz_ldap
configure:10678: result: checking dependencies
configure:10683: checking for ldap support in apr/apr-util
configure:10711: result: no
configure:10743: WARNING: apr/apr-util is compiled without ldap support
configure:10749: checking whether to enable mod_authnz_ldap
configure:10759: result: no (disabled)
configure:10840: checking whether to enable mod_authnz_fcgi
configure:10901: result: no
configure:10982: checking whether to enable mod_access_compat
configure:11043: result: shared
configure:11125: checking whether to enable mod_auth_basic
configure:11186: result: shared
configure:11266: checking whether to enable mod_auth_form
configure:11327: result: shared (most)
configure:11407: checking whether to enable mod_auth_digest
configure:11466: result: checking dependencies
configure:11499: checking whether to enable mod_auth_digest
configure:11509: result: shared (most)
configure:11590: checking whether to enable mod_allowmethods
configure:11651: result: shared (most)
configure:11787: checking whether to enable mod_isapi
configure:11848: result: no
configure:11962: checking whether to enable mod_file_cache
configure:12023: result: shared (most)
configure:12117: checking whether to enable mod_cache
configure:12178: result: shared (most)
configure:12258: checking whether to enable mod_cache_disk
configure:12317: result: checking dependencies
configure:12330: checking whether to enable mod_cache_disk
configure:12340: result: shared (most)
configure:12420: checking whether to enable mod_cache_socache
configure:12481: result: shared (most)
configure:12564: checking whether to enable mod_socache_shmcb
configure:12625: result: shared (most)
configure:12705: checking whether to enable mod_socache_dbm
configure:12766: result: shared (most)
configure:12846: checking whether to enable mod_socache_memcache
configure:12907: result: shared (most)
configure:12987: checking whether to enable mod_socache_dc
configure:13361: result: no
configure:13579: checking whether to enable mod_so
configure:13640: result: static
configure:13721: checking whether to enable mod_watchdog
configure:13780: result: checking dependencies
configure:13813: checking whether to enable mod_watchdog
configure:13823: result: shared (most)
configure:13904: checking whether to enable mod_macro
configure:13965: result: shared (most)
configure:14100: checking whether to enable mod_dbd
configure:14161: result: shared (most)
configure:14296: checking whether to enable mod_bucketeer
configure:14357: result: no
configure:14437: checking whether to enable mod_dumpio
configure:14498: result: shared (most)
configure:14612: checking whether to enable mod_echo
configure:14673: result: no
configure:14786: checking whether to enable mod_example_hooks
configure:14847: result: no
configure:14927: checking whether to enable mod_case_filter
configure:14988: result: no
configure:15068: checking whether to enable mod_case_filter_in
configure:15129: result: no
configure:15209: checking whether to enable mod_example_ipc
configure:15270: result: no
configure:15416: checking whether to enable mod_buffer
configure:15477: result: shared (most)
configure:15557: checking whether to enable mod_data
configure:15618: result: no
configure:15698: checking whether to enable mod_ratelimit
configure:15759: result: shared (most)
configure:15839: checking whether to enable mod_reqtimeout
configure:15900: result: shared
configure:15980: checking whether to enable mod_ext_filter
configure:16041: result: shared (most)
configure:16121: checking whether to enable mod_request
configure:16182: result: shared (most)
configure:16262: checking whether to enable mod_include
configure:16323: result: shared (most)
configure:16403: checking whether to enable mod_filter
configure:16464: result: shared
configure:16544: checking whether to enable mod_reflector
configure:16605: result: no
configure:16685: checking whether to enable mod_substitute
configure:16746: result: shared (most)
configure:16828: checking whether to enable mod_sed
configure:16887: result: checking dependencies
configure:16918: checking whether to enable mod_sed
configure:16928: result: shared (most)
configure:17154: checking whether to enable mod_charset_lite
configure:17215: result: no
configure:17298: checking whether to enable mod_deflate
configure:17357: result: checking dependencies
configure:17373: checking for zlib location
configure:17394: result: /usr
configure:17555: checking for zlib library
configure:17568: /home/jiamin/gcc/bin/gcc -std=gnu99 -o conftest  -g -O2 -pthread  -DLINUX -D_REENTRANT -D_GNU_SOURCE   conftest.c -lz >&5
configure:17568: $? = 0
configure:17569: result: found
configure:17632: checking whether to enable mod_deflate
configure:17642: result: shared (most)
configure:17725: checking whether to enable mod_xml2enc
configure:17882: result: no
configure:17962: checking whether to enable mod_proxy_html
configure:18120: result: no
configure:18263: checking whether to enable mod_http
configure:18324: result: static
configure:18404: checking whether to enable mod_mime
configure:18465: result: shared
configure:18580: checking whether to enable mod_ldap
configure:18639: result: checking dependencies
configure:18644: checking for ldap support in apr/apr-util
configure:18672: result: no
configure:18704: WARNING: apr/apr-util is compiled without ldap support
configure:18710: checking whether to enable mod_ldap
configure:18720: result: no (disabled)
configure:18856: checking whether to enable mod_log_config
configure:18917: result: shared
configure:18997: checking whether to enable mod_log_debug
configure:19058: result: shared (most)
configure:19138: checking whether to enable mod_log_forensic
configure:19199: result: no
configure:19305: checking whether to enable mod_logio
configure:19366: result: shared (most)
configure:19505: checking whether to enable mod_lua
configure:20346: result: no
configure:20482: checking whether to enable mod_env
configure:20543: result: shared
configure:20623: checking whether to enable mod_mime_magic
configure:20684: result: no
configure:20764: checking whether to enable mod_cern_meta
configure:20825: result: no
configure:20905: checking whether to enable mod_expires
configure:20966: result: shared (most)
configure:21046: checking whether to enable mod_headers
configure:21107: result: shared
configure:21187: checking whether to enable mod_ident
configure:21248: result: no
configure:21329: checking whether to enable mod_usertrack
configure:21427: result: no
configure:21508: checking whether to enable mod_unique_id
configure:21569: result: shared (most)
configure:21649: checking whether to enable mod_setenvif
configure:21710: result: shared
configure:21790: checking whether to enable mod_version
configure:21851: result: shared
configure:21931: checking whether to enable mod_remoteip
configure:21992: result: shared (most)
configure:22106: checking whether to enable mod_proxy
configure:22167: result: shared (most)
configure:22283: checking whether to enable mod_proxy_connect
configure:22342: result: checking dependencies
configure:22355: checking whether to enable mod_proxy_connect
configure:22365: result: shared (most)
configure:22445: checking whether to enable mod_proxy_ftp
configure:22504: result: checking dependencies
configure:22517: checking whether to enable mod_proxy_ftp
configure:22527: result: shared (most)
configure:22607: checking whether to enable mod_proxy_http
configure:22666: result: checking dependencies
configure:22679: checking whether to enable mod_proxy_http
configure:22689: result: shared (most)
configure:22769: checking whether to enable mod_proxy_fcgi
configure:22828: result: checking dependencies
configure:22841: checking whether to enable mod_proxy_fcgi
configure:22851: result: shared (most)
configure:22931: checking whether to enable mod_proxy_scgi
configure:22990: result: checking dependencies
configure:23003: checking whether to enable mod_proxy_scgi
configure:23013: result: shared (most)
configure:23093: checking whether to enable mod_proxy_fdpass
configure:23190: result: no
configure:23270: checking whether to enable mod_proxy_wstunnel
configure:23329: result: checking dependencies
configure:23342: checking whether to enable mod_proxy_wstunnel
configure:23352: result: shared (most)
configure:23432: checking whether to enable mod_proxy_ajp
configure:23491: result: checking dependencies
configure:23504: checking whether to enable mod_proxy_ajp
configure:23514: result: shared (most)
configure:23594: checking whether to enable mod_proxy_balancer
configure:23653: result: checking dependencies
configure:23666: checking whether to enable mod_proxy_balancer
configure:23676: result: shared (most)
configure:23757: checking whether to enable mod_proxy_express
configure:23816: result: checking dependencies
configure:23829: checking whether to enable mod_proxy_express
configure:23839: result: shared (most)
configure:23919: checking whether to enable mod_proxy_hcheck
configure:23978: result: checking dependencies
configure:23999: checking whether to enable mod_proxy_hcheck
configure:24009: result: shared (most)
configure:24170: checking whether to enable mod_session
configure:24231: result: shared (most)
configure:24311: checking whether to enable mod_session_cookie
configure:24370: result: checking dependencies
configure:24383: checking whether to enable mod_session_cookie
configure:24393: result: shared (most)
configure:24496: /home/jiamin/gcc/bin/gcc -std=gnu99 -c  -g -O2 -pthread  -DLINUX -D_REENTRANT -D_GNU_SOURCE  -I/home/jiamin/usr/include/apr-1   -I/home/jiamin/usr/include/apr-1  conftest.c >&5
conftest.c: In function 'main':
conftest.c:51:2: error: #error no crypto support
 #error no crypto support
  ^
configure:24496: $? = 1
configure: failed program was:
| /* confdefs.h */
| #define PACKAGE_NAME ""
| #define PACKAGE_TARNAME ""
| #define PACKAGE_VERSION ""
| #define PACKAGE_STRING ""
| #define PACKAGE_BUGREPORT ""
| #define PACKAGE_URL ""
| #define STDC_HEADERS 1
| #define HAVE_SYS_TYPES_H 1
| #define HAVE_SYS_STAT_H 1
| #define HAVE_STDLIB_H 1
| #define HAVE_STRING_H 1
| #define HAVE_MEMORY_H 1
| #define HAVE_STRINGS_H 1
| #define HAVE_INTTYPES_H 1
| #define HAVE_STDINT_H 1
| #define HAVE_UNISTD_H 1
| #define __EXTENSIONS__ 1
| #define _ALL_SOURCE 1
| #define _GNU_SOURCE 1
| #define _POSIX_PTHREAD_SEMANTICS 1
| #define _TANDEM_SOURCE 1
| #define STDC_HEADERS 1
| #define HAVE_STRING_H 1
| #define HAVE_LIMITS_H 1
| #define HAVE_UNISTD_H 1
| #define HAVE_SYS_SOCKET_H 1
| #define HAVE_PWD_H 1
| #define HAVE_GRP_H 1
| #define HAVE_STRINGS_H 1
| #define HAVE_SYS_PRCTL_H 1
| #define HAVE_SYS_SEM_H 1
| #define HAVE_SYS_WAIT_H 1
| #define HAVE_GETPWNAM 1
| #define HAVE_GETGRNAM 1
| #define HAVE_INITGROUPS 1
| #define HAVE_PRCTL 1
| #define HAVE_TIMEGM 1
| #define HAVE_GETPGID 1
| #define HAVE_FOPEN64 1
| #define HAVE_GETLOADAVG 1
| #define HAVE_GETTID 1
| #define HAVE_GMTOFF 1
| /* end confdefs.h.  */
| #include <apr_crypto.h>
| int
| main ()
| {
| 
| #if APU_HAVE_CRYPTO == 0
| #error no crypto support
| #endif
| 
|   ;
|   return 0;
| }
configure:24504: WARNING: Your APR does not include SSL/EVP support. To enable it: configure --with-crypto
configure:24513: checking whether to enable mod_session_crypto
configure:24599: result: no
configure:24680: checking whether to enable mod_session_dbd
configure:24739: result: checking dependencies
configure:24752: checking whether to enable mod_session_dbd
configure:24762: result: shared (most)
configure:24899: checking whether to enable mod_slotmem_shm
configure:24960: result: shared (most)
configure:25040: checking whether to enable mod_slotmem_plain
configure:25101: result: no
configure:25215: checking whether to enable mod_ssl
configure:25274: result: checking dependencies
configure:25279: checking for OpenSSL
configure:25292: checking for user-provided OpenSSL base directory
configure:25305: result: none
configure:25641: checking for OpenSSL version >= 0.9.8a
configure:25660: /home/jiamin/gcc/bin/gcc -std=gnu99 -c  -g -O2 -pthread  -DLINUX -D_REENTRANT -D_GNU_SOURCE conftest.c >&5
configure:25660: $? = 0
configure:25661: result: OK
configure:25730: checking openssl/engine.h usability
configure:25730: /home/jiamin/gcc/bin/gcc -std=gnu99 -c  -g -O2 -pthread  -DLINUX -D_REENTRANT -D_GNU_SOURCE conftest.c >&5
configure:25730: $? = 0
configure:25730: result: yes
configure:25730: checking openssl/engine.h presence
configure:25730: /home/jiamin/gcc/bin/gcc -E  -DLINUX -D_REENTRANT -D_GNU_SOURCE conftest.c
configure:25730: $? = 0
configure:25730: result: yes
configure:25730: checking for openssl/engine.h
configure:25730: result: yes
configure:25743: checking for SSLeay_version
configure:25743: /home/jiamin/gcc/bin/gcc -std=gnu99 -o conftest  -g -O2 -pthread  -DLINUX -D_REENTRANT -D_GNU_SOURCE   conftest.c -lssl -lcrypto    -lrt -lcrypt  -lpthread >&5
configure:25743: $? = 0
configure:25743: result: yes
configure:25743: checking for SSL_CTX_new
configure:25743: /home/jiamin/gcc/bin/gcc -std=gnu99 -o conftest  -g -O2 -pthread  -DLINUX -D_REENTRANT -D_GNU_SOURCE   conftest.c -lssl -lcrypto    -lrt -lcrypt  -lpthread >&5
configure:25743: $? = 0
configure:25743: result: yes
configure:25757: checking for ENGINE_init
configure:25757: /home/jiamin/gcc/bin/gcc -std=gnu99 -o conftest  -g -O2 -pthread  -DLINUX -D_REENTRANT -D_GNU_SOURCE   conftest.c -lssl -lcrypto    -lrt -lcrypt  -lpthread >&5
configure:25757: $? = 0
configure:25757: result: yes
configure:25757: checking for ENGINE_load_builtin_engines
configure:25757: /home/jiamin/gcc/bin/gcc -std=gnu99 -o conftest  -g -O2 -pthread  -DLINUX -D_REENTRANT -D_GNU_SOURCE   conftest.c -lssl -lcrypto    -lrt -lcrypt  -lpthread >&5
configure:25757: $? = 0
configure:25757: result: yes
configure:25757: checking for RAND_egd
configure:25757: /home/jiamin/gcc/bin/gcc -std=gnu99 -o conftest  -g -O2 -pthread  -DLINUX -D_REENTRANT -D_GNU_SOURCE   conftest.c -lssl -lcrypto    -lrt -lcrypt  -lpthread >&5
configure:25757: $? = 0
configure:25757: result: yes
configure:25783: result: yes
configure:25864: checking whether to enable mod_ssl
configure:25874: result: shared (most)
configure:26011: checking whether to enable mod_optional_hook_export
configure:26072: result: no
configure:26152: checking whether to enable mod_optional_hook_import
configure:26213: result: no
configure:26293: checking whether to enable mod_optional_fn_import
configure:26354: result: no
configure:26434: checking whether to enable mod_optional_fn_export
configure:26495: result: no
configure:26576: checking whether to enable mod_dialup
configure:26637: result: no
configure:26758: checking for target platform
configure:26783: result: unix
configure:26815: checking for rlim_t
configure:26836: /home/jiamin/gcc/bin/gcc -std=gnu99 -c  -g -O2 -pthread  -DLINUX -D_REENTRANT -D_GNU_SOURCE conftest.c >&5
configure:26836: $? = 0
configure:26847: result: yes
configure:26859: checking sys/time.h usability
configure:26859: /home/jiamin/gcc/bin/gcc -std=gnu99 -c  -g -O2 -pthread  -DLINUX -D_REENTRANT -D_GNU_SOURCE conftest.c >&5
configure:26859: $? = 0
configure:26859: result: yes
configure:26859: checking sys/time.h presence
configure:26859: /home/jiamin/gcc/bin/gcc -E  -DLINUX -D_REENTRANT -D_GNU_SOURCE conftest.c
configure:26859: $? = 0
configure:26859: result: yes
configure:26859: checking for sys/time.h
configure:26859: result: yes
configure:26859: checking sys/resource.h usability
configure:26859: /home/jiamin/gcc/bin/gcc -std=gnu99 -c  -g -O2 -pthread  -DLINUX -D_REENTRANT -D_GNU_SOURCE conftest.c >&5
configure:26859: $? = 0
configure:26859: result: yes
configure:26859: checking sys/resource.h presence
configure:26859: /home/jiamin/gcc/bin/gcc -E  -DLINUX -D_REENTRANT -D_GNU_SOURCE conftest.c
configure:26859: $? = 0
configure:26859: result: yes
configure:26859: checking for sys/resource.h
configure:26859: result: yes
configure:26859: checking for sys/sem.h
configure:26859: result: yes
configure:26859: checking sys/ipc.h usability
configure:26859: /home/jiamin/gcc/bin/gcc -std=gnu99 -c  -g -O2 -pthread  -DLINUX -D_REENTRANT -D_GNU_SOURCE conftest.c >&5
configure:26859: $? = 0
configure:26859: result: yes
configure:26859: checking sys/ipc.h presence
configure:26859: /home/jiamin/gcc/bin/gcc -E  -DLINUX -D_REENTRANT -D_GNU_SOURCE conftest.c
configure:26859: $? = 0
configure:26859: result: yes
configure:26859: checking for sys/ipc.h
configure:26859: result: yes
configure:26873: checking for setsid
configure:26873: /home/jiamin/gcc/bin/gcc -std=gnu99 -o conftest  -g -O2 -pthread  -DLINUX -D_REENTRANT -D_GNU_SOURCE   conftest.c  >&5
configure:26873: $? = 0
configure:26873: result: yes
configure:26873: checking for killpg
configure:26873: /home/jiamin/gcc/bin/gcc -std=gnu99 -o conftest  -g -O2 -pthread  -DLINUX -D_REENTRANT -D_GNU_SOURCE   conftest.c  >&5
configure:26873: $? = 0
configure:26873: result: yes
configure:26889: checking bstring.h usability
configure:26889: /home/jiamin/gcc/bin/gcc -std=gnu99 -c  -g -O2 -pthread  -DLINUX -D_REENTRANT -D_GNU_SOURCE conftest.c >&5
conftest.c:91:21: fatal error: bstring.h: No such file or directory
 #include <bstring.h>
                     ^
compilation terminated.
configure:26889: $? = 1
configure: failed program was:
| /* confdefs.h */
| #define PACKAGE_NAME ""
| #define PACKAGE_TARNAME ""
| #define PACKAGE_VERSION ""
| #define PACKAGE_STRING ""
| #define PACKAGE_BUGREPORT ""
| #define PACKAGE_URL ""
| #define STDC_HEADERS 1
| #define HAVE_SYS_TYPES_H 1
| #define HAVE_SYS_STAT_H 1
| #define HAVE_STDLIB_H 1
| #define HAVE_STRING_H 1
| #define HAVE_MEMORY_H 1
| #define HAVE_STRINGS_H 1
| #define HAVE_INTTYPES_H 1
| #define HAVE_STDINT_H 1
| #define HAVE_UNISTD_H 1
| #define __EXTENSIONS__ 1
| #define _ALL_SOURCE 1
| #define _GNU_SOURCE 1
| #define _POSIX_PTHREAD_SEMANTICS 1
| #define _TANDEM_SOURCE 1
| #define STDC_HEADERS 1
| #define HAVE_STRING_H 1
| #define HAVE_LIMITS_H 1
| #define HAVE_UNISTD_H 1
| #define HAVE_SYS_SOCKET_H 1
| #define HAVE_PWD_H 1
| #define HAVE_GRP_H 1
| #define HAVE_STRINGS_H 1
| #define HAVE_SYS_PRCTL_H 1
| #define HAVE_SYS_SEM_H 1
| #define HAVE_SYS_WAIT_H 1
| #define HAVE_GETPWNAM 1
| #define HAVE_GETGRNAM 1
| #define HAVE_INITGROUPS 1
| #define HAVE_PRCTL 1
| #define HAVE_TIMEGM 1
| #define HAVE_GETPGID 1
| #define HAVE_FOPEN64 1
| #define HAVE_GETLOADAVG 1
| #define HAVE_GETTID 1
| #define HAVE_GMTOFF 1
| #define HAVE_OPENSSL_ENGINE_H 1
| #define HAVE_SSLEAY_VERSION 1
| #define HAVE_SSL_CTX_NEW 1
| #define HAVE_ENGINE_INIT 1
| #define HAVE_ENGINE_LOAD_BUILTIN_ENGINES 1
| #define HAVE_RAND_EGD 1
| #define HAVE_OPENSSL 1
| #define HAVE_SYS_TIME_H 1
| #define HAVE_SYS_RESOURCE_H 1
| #define HAVE_SYS_SEM_H 1
| #define HAVE_SYS_IPC_H 1
| #define HAVE_SETSID 1
| #define HAVE_KILLPG 1
| /* end confdefs.h.  */
| #include <stdio.h>
| #ifdef HAVE_SYS_TYPES_H
| # include <sys/types.h>
| #endif
| #ifdef HAVE_SYS_STAT_H
| # include <sys/stat.h>
| #endif
| #ifdef STDC_HEADERS
| # include <stdlib.h>
| # include <stddef.h>
| #else
| # ifdef HAVE_STDLIB_H
| #  include <stdlib.h>
| # endif
| #endif
| #ifdef HAVE_STRING_H
| # if !defined STDC_HEADERS && defined HAVE_MEMORY_H
| #  include <memory.h>
| # endif
| # include <string.h>
| #endif
| #ifdef HAVE_STRINGS_H
| # include <strings.h>
| #endif
| #ifdef HAVE_INTTYPES_H
| # include <inttypes.h>
| #endif
| #ifdef HAVE_STDINT_H
| # include <stdint.h>
| #endif
| #ifdef HAVE_UNISTD_H
| # include <unistd.h>
| #endif
| #include <bstring.h>
configure:26889: result: no
configure:26889: checking bstring.h presence
configure:26889: /home/jiamin/gcc/bin/gcc -E  -DLINUX -D_REENTRANT -D_GNU_SOURCE conftest.c
conftest.c:58:21: fatal error: bstring.h: No such file or directory
 #include <bstring.h>
                     ^
compilation terminated.
configure:26889: $? = 1
configure: failed program was:
| /* confdefs.h */
| #define PACKAGE_NAME ""
| #define PACKAGE_TARNAME ""
| #define PACKAGE_VERSION ""
| #define PACKAGE_STRING ""
| #define PACKAGE_BUGREPORT ""
| #define PACKAGE_URL ""
| #define STDC_HEADERS 1
| #define HAVE_SYS_TYPES_H 1
| #define HAVE_SYS_STAT_H 1
| #define HAVE_STDLIB_H 1
| #define HAVE_STRING_H 1
| #define HAVE_MEMORY_H 1
| #define HAVE_STRINGS_H 1
| #define HAVE_INTTYPES_H 1
| #define HAVE_STDINT_H 1
| #define HAVE_UNISTD_H 1
| #define __EXTENSIONS__ 1
| #define _ALL_SOURCE 1
| #define _GNU_SOURCE 1
| #define _POSIX_PTHREAD_SEMANTICS 1
| #define _TANDEM_SOURCE 1
| #define STDC_HEADERS 1
| #define HAVE_STRING_H 1
| #define HAVE_LIMITS_H 1
| #define HAVE_UNISTD_H 1
| #define HAVE_SYS_SOCKET_H 1
| #define HAVE_PWD_H 1
| #define HAVE_GRP_H 1
| #define HAVE_STRINGS_H 1
| #define HAVE_SYS_PRCTL_H 1
| #define HAVE_SYS_SEM_H 1
| #define HAVE_SYS_WAIT_H 1
| #define HAVE_GETPWNAM 1
| #define HAVE_GETGRNAM 1
| #define HAVE_INITGROUPS 1
| #define HAVE_PRCTL 1
| #define HAVE_TIMEGM 1
| #define HAVE_GETPGID 1
| #define HAVE_FOPEN64 1
| #define HAVE_GETLOADAVG 1
| #define HAVE_GETTID 1
| #define HAVE_GMTOFF 1
| #define HAVE_OPENSSL_ENGINE_H 1
| #define HAVE_SSLEAY_VERSION 1
| #define HAVE_SSL_CTX_NEW 1
| #define HAVE_ENGINE_INIT 1
| #define HAVE_ENGINE_LOAD_BUILTIN_ENGINES 1
| #define HAVE_RAND_EGD 1
| #define HAVE_OPENSSL 1
| #define HAVE_SYS_TIME_H 1
| #define HAVE_SYS_RESOURCE_H 1
| #define HAVE_SYS_SEM_H 1
| #define HAVE_SYS_IPC_H 1
| #define HAVE_SETSID 1
| #define HAVE_KILLPG 1
| /* end confdefs.h.  */
| #include <bstring.h>
configure:26889: result: no
configure:26889: checking for bstring.h
configure:26889: result: no
configure:26889: checking for unistd.h
configure:26889: result: yes
configure:26904: checking for syslog
configure:26904: /home/jiamin/gcc/bin/gcc -std=gnu99 -o conftest  -g -O2 -pthread  -DLINUX -D_REENTRANT -D_GNU_SOURCE   conftest.c  >&5
configure:26904: $? = 0
configure:26904: result: yes
configure:26916: checking sys/times.h usability
configure:26916: /home/jiamin/gcc/bin/gcc -std=gnu99 -c  -g -O2 -pthread  -DLINUX -D_REENTRANT -D_GNU_SOURCE conftest.c >&5
configure:26916: $? = 0
configure:26916: result: yes
configure:26916: checking sys/times.h presence
configure:26916: /home/jiamin/gcc/bin/gcc -E  -DLINUX -D_REENTRANT -D_GNU_SOURCE conftest.c
configure:26916: $? = 0
configure:26916: result: yes
configure:26916: checking for sys/times.h
configure:26916: result: yes
configure:26928: checking for times
configure:26928: /home/jiamin/gcc/bin/gcc -std=gnu99 -o conftest  -g -O2 -pthread  -DLINUX -D_REENTRANT -D_GNU_SOURCE   conftest.c  >&5
configure:26928: $? = 0
configure:26928: result: yes
configure:26997: checking whether APR supports thread-safe pollsets
configure:27016: checking for kqueue
configure:27016: /home/jiamin/gcc/bin/gcc -std=gnu99 -o conftest  -g -O2 -pthread  -DLINUX -D_REENTRANT -D_GNU_SOURCE   conftest.c  >&5
/tmp/ccYnPupz.o: In function `main':
/home/jiamin/httpd-2.4.23/conftest.c:96: undefined reference to `kqueue'
collect2: error: ld returned 1 exit status
configure:27016: $? = 1
configure: failed program was:
| /* confdefs.h */
| #define PACKAGE_NAME ""
| #define PACKAGE_TARNAME ""
| #define PACKAGE_VERSION ""
| #define PACKAGE_STRING ""
| #define PACKAGE_BUGREPORT ""
| #define PACKAGE_URL ""
| #define STDC_HEADERS 1
| #define HAVE_SYS_TYPES_H 1
| #define HAVE_SYS_STAT_H 1
| #define HAVE_STDLIB_H 1
| #define HAVE_STRING_H 1
| #define HAVE_MEMORY_H 1
| #define HAVE_STRINGS_H 1
| #define HAVE_INTTYPES_H 1
| #define HAVE_STDINT_H 1
| #define HAVE_UNISTD_H 1
| #define __EXTENSIONS__ 1
| #define _ALL_SOURCE 1
| #define _GNU_SOURCE 1
| #define _POSIX_PTHREAD_SEMANTICS 1
| #define _TANDEM_SOURCE 1
| #define STDC_HEADERS 1
| #define HAVE_STRING_H 1
| #define HAVE_LIMITS_H 1
| #define HAVE_UNISTD_H 1
| #define HAVE_SYS_SOCKET_H 1
| #define HAVE_PWD_H 1
| #define HAVE_GRP_H 1
| #define HAVE_STRINGS_H 1
| #define HAVE_SYS_PRCTL_H 1
| #define HAVE_SYS_SEM_H 1
| #define HAVE_SYS_WAIT_H 1
| #define HAVE_GETPWNAM 1
| #define HAVE_GETGRNAM 1
| #define HAVE_INITGROUPS 1
| #define HAVE_PRCTL 1
| #define HAVE_TIMEGM 1
| #define HAVE_GETPGID 1
| #define HAVE_FOPEN64 1
| #define HAVE_GETLOADAVG 1
| #define HAVE_GETTID 1
| #define HAVE_GMTOFF 1
| #define HAVE_OPENSSL_ENGINE_H 1
| #define HAVE_SSLEAY_VERSION 1
| #define HAVE_SSL_CTX_NEW 1
| #define HAVE_ENGINE_INIT 1
| #define HAVE_ENGINE_LOAD_BUILTIN_ENGINES 1
| #define HAVE_RAND_EGD 1
| #define HAVE_OPENSSL 1
| #define HAVE_SYS_TIME_H 1
| #define HAVE_SYS_RESOURCE_H 1
| #define HAVE_SYS_SEM_H 1
| #define HAVE_SYS_IPC_H 1
| #define HAVE_SETSID 1
| #define HAVE_KILLPG 1
| #define HAVE_UNISTD_H 1
| #define HAVE_SYSLOG 1
| #define HAVE_SYS_TIMES_H 1
| #define HAVE_TIMES 1
| /* end confdefs.h.  */
| /* Define kqueue to an innocuous variant, in case <limits.h> declares kqueue.
|    For example, HP-UX 11i <limits.h> declares gettimeofday.  */
| #define kqueue innocuous_kqueue
| 
| /* System header to define __stub macros and hopefully few prototypes,
|     which can conflict with char kqueue (); below.
|     Prefer <limits.h> to <assert.h> if __STDC__ is defined, since
|     <limits.h> exists even on freestanding compilers.  */
| 
| #ifdef __STDC__
| # include <limits.h>
| #else
| # include <assert.h>
| #endif
| 
| #undef kqueue
| 
| /* Override any GCC internal prototype to avoid an error.
|    Use char because int might match the return type of a GCC
|    builtin and then its argument prototype would still apply.  */
| #ifdef __cplusplus
| extern "C"
| #endif
| char kqueue ();
| /* The GNU C library defines this for functions which it implements
|     to always fail with ENOSYS.  Some functions are actually named
|     something starting with __ and the normal name is an alias.  */
| #if defined __stub_kqueue || defined __stub___kqueue
| choke me
| #endif
| 
| int
| main ()
| {
| return kqueue ();
|   ;
|   return 0;
| }
configure:27016: result: no
configure:27016: checking for port_create
configure:27016: /home/jiamin/gcc/bin/gcc -std=gnu99 -o conftest  -g -O2 -pthread  -DLINUX -D_REENTRANT -D_GNU_SOURCE   conftest.c  >&5
/tmp/ccpdtkPD.o: In function `main':
/home/jiamin/httpd-2.4.23/conftest.c:96: undefined reference to `port_create'
collect2: error: ld returned 1 exit status
configure:27016: $? = 1
configure: failed program was:
| /* confdefs.h */
| #define PACKAGE_NAME ""
| #define PACKAGE_TARNAME ""
| #define PACKAGE_VERSION ""
| #define PACKAGE_STRING ""
| #define PACKAGE_BUGREPORT ""
| #define PACKAGE_URL ""
| #define STDC_HEADERS 1
| #define HAVE_SYS_TYPES_H 1
| #define HAVE_SYS_STAT_H 1
| #define HAVE_STDLIB_H 1
| #define HAVE_STRING_H 1
| #define HAVE_MEMORY_H 1
| #define HAVE_STRINGS_H 1
| #define HAVE_INTTYPES_H 1
| #define HAVE_STDINT_H 1
| #define HAVE_UNISTD_H 1
| #define __EXTENSIONS__ 1
| #define _ALL_SOURCE 1
| #define _GNU_SOURCE 1
| #define _POSIX_PTHREAD_SEMANTICS 1
| #define _TANDEM_SOURCE 1
| #define STDC_HEADERS 1
| #define HAVE_STRING_H 1
| #define HAVE_LIMITS_H 1
| #define HAVE_UNISTD_H 1
| #define HAVE_SYS_SOCKET_H 1
| #define HAVE_PWD_H 1
| #define HAVE_GRP_H 1
| #define HAVE_STRINGS_H 1
| #define HAVE_SYS_PRCTL_H 1
| #define HAVE_SYS_SEM_H 1
| #define HAVE_SYS_WAIT_H 1
| #define HAVE_GETPWNAM 1
| #define HAVE_GETGRNAM 1
| #define HAVE_INITGROUPS 1
| #define HAVE_PRCTL 1
| #define HAVE_TIMEGM 1
| #define HAVE_GETPGID 1
| #define HAVE_FOPEN64 1
| #define HAVE_GETLOADAVG 1
| #define HAVE_GETTID 1
| #define HAVE_GMTOFF 1
| #define HAVE_OPENSSL_ENGINE_H 1
| #define HAVE_SSLEAY_VERSION 1
| #define HAVE_SSL_CTX_NEW 1
| #define HAVE_ENGINE_INIT 1
| #define HAVE_ENGINE_LOAD_BUILTIN_ENGINES 1
| #define HAVE_RAND_EGD 1
| #define HAVE_OPENSSL 1
| #define HAVE_SYS_TIME_H 1
| #define HAVE_SYS_RESOURCE_H 1
| #define HAVE_SYS_SEM_H 1
| #define HAVE_SYS_IPC_H 1
| #define HAVE_SETSID 1
| #define HAVE_KILLPG 1
| #define HAVE_UNISTD_H 1
| #define HAVE_SYSLOG 1
| #define HAVE_SYS_TIMES_H 1
| #define HAVE_TIMES 1
| /* end confdefs.h.  */
| /* Define port_create to an innocuous variant, in case <limits.h> declares port_create.
|    For example, HP-UX 11i <limits.h> declares gettimeofday.  */
| #define port_create innocuous_port_create
| 
| /* System header to define __stub macros and hopefully few prototypes,
|     which can conflict with char port_create (); below.
|     Prefer <limits.h> to <assert.h> if __STDC__ is defined, since
|     <limits.h> exists even on freestanding compilers.  */
| 
| #ifdef __STDC__
| # include <limits.h>
| #else
| # include <assert.h>
| #endif
| 
| #undef port_create
| 
| /* Override any GCC internal prototype to avoid an error.
|    Use char because int might match the return type of a GCC
|    builtin and then its argument prototype would still apply.  */
| #ifdef __cplusplus
| extern "C"
| #endif
| char port_create ();
| /* The GNU C library defines this for functions which it implements
|     to always fail with ENOSYS.  Some functions are actually named
|     something starting with __ and the normal name is an alias.  */
| #if defined __stub_port_create || defined __stub___port_create
| choke me
| #endif
| 
| int
| main ()
| {
| return port_create ();
|   ;
|   return 0;
| }
configure:27016: result: no
configure:27016: checking for epoll_create
configure:27016: /home/jiamin/gcc/bin/gcc -std=gnu99 -o conftest  -g -O2 -pthread  -DLINUX -D_REENTRANT -D_GNU_SOURCE   conftest.c  >&5
configure:27016: $? = 0
configure:27016: result: yes
configure:27032: result: yes
configure:27099: checking if event MPM supports this platform
configure:27117: result: yes
configure:27132: checking if mpmt_os2 MPM supports this platform
configure:27151: result: no
configure:27156: checking if prefork MPM supports this platform
configure:27162: result: yes
configure:27177: checking if WinNT MPM supports this platform
configure:27196: result: no
configure:27201: checking if worker MPM supports this platform
configure:27213: result: yes
configure:28069: checking whether to enable mod_http2
configure:28128: result: checking dependencies
configure:28133: checking for OpenSSL
configure:28637: result: yes
configure:28712: checking for nghttp2
configure:28723: checking for user-provided nghttp2 base directory
configure:28736: result: none
configure:28749: checking for pkg-config along 
configure:29032: checking for nghttp2 version >= 1.2.1
configure:29051: /home/jiamin/gcc/bin/gcc -std=gnu99 -c  -g -O2 -pthread  -DLINUX -D_REENTRANT -D_GNU_SOURCE conftest.c >&5
conftest.c:64:32: fatal error: nghttp2/nghttp2ver.h: No such file or directory
 #include <nghttp2/nghttp2ver.h>
                                ^
compilation terminated.
configure:29051: $? = 1
configure: failed program was:
| /* confdefs.h */
| #define PACKAGE_NAME ""
| #define PACKAGE_TARNAME ""
| #define PACKAGE_VERSION ""
| #define PACKAGE_STRING ""
| #define PACKAGE_BUGREPORT ""
| #define PACKAGE_URL ""
| #define STDC_HEADERS 1
| #define HAVE_SYS_TYPES_H 1
| #define HAVE_SYS_STAT_H 1
| #define HAVE_STDLIB_H 1
| #define HAVE_STRING_H 1
| #define HAVE_MEMORY_H 1
| #define HAVE_STRINGS_H 1
| #define HAVE_INTTYPES_H 1
| #define HAVE_STDINT_H 1
| #define HAVE_UNISTD_H 1
| #define __EXTENSIONS__ 1
| #define _ALL_SOURCE 1
| #define _GNU_SOURCE 1
| #define _POSIX_PTHREAD_SEMANTICS 1
| #define _TANDEM_SOURCE 1
| #define STDC_HEADERS 1
| #define HAVE_STRING_H 1
| #define HAVE_LIMITS_H 1
| #define HAVE_UNISTD_H 1
| #define HAVE_SYS_SOCKET_H 1
| #define HAVE_PWD_H 1
| #define HAVE_GRP_H 1
| #define HAVE_STRINGS_H 1
| #define HAVE_SYS_PRCTL_H 1
| #define HAVE_SYS_SEM_H 1
| #define HAVE_SYS_WAIT_H 1
| #define HAVE_GETPWNAM 1
| #define HAVE_GETGRNAM 1
| #define HAVE_INITGROUPS 1
| #define HAVE_PRCTL 1
| #define HAVE_TIMEGM 1
| #define HAVE_GETPGID 1
| #define HAVE_FOPEN64 1
| #define HAVE_GETLOADAVG 1
| #define HAVE_GETTID 1
| #define HAVE_GMTOFF 1
| #define HAVE_OPENSSL_ENGINE_H 1
| #define HAVE_SSLEAY_VERSION 1
| #define HAVE_SSL_CTX_NEW 1
| #define HAVE_ENGINE_INIT 1
| #define HAVE_ENGINE_LOAD_BUILTIN_ENGINES 1
| #define HAVE_RAND_EGD 1
| #define HAVE_OPENSSL 1
| #define HAVE_SYS_TIME_H 1
| #define HAVE_SYS_RESOURCE_H 1
| #define HAVE_SYS_SEM_H 1
| #define HAVE_SYS_IPC_H 1
| #define HAVE_SETSID 1
| #define HAVE_KILLPG 1
| #define HAVE_UNISTD_H 1
| #define HAVE_SYSLOG 1
| #define HAVE_SYS_TIMES_H 1
| #define HAVE_TIMES 1
| #define HAVE_EPOLL_CREATE 1
| #define HAVE_OPENSSL 1
| /* end confdefs.h.  */
| #include <nghttp2/nghttp2ver.h>
| int
| main ()
| {
| 
| #if !defined(NGHTTP2_VERSION_NUM)
| #error "Missing nghttp2 version"
| #endif
| #if NGHTTP2_VERSION_NUM < 0x010201
| #error "Unsupported nghttp2 version " NGHTTP2_VERSION_TEXT
| #endif
|   ;
|   return 0;
| }
configure:29056: result: FAILED
configure:29185: WARNING: nghttp2 version is too old
configure:29194: result: no
configure:29233: checking whether to enable mod_http2
configure:29243: result: no (disabled)
configure:29332: checking whether to enable mod_proxy_http2
configure:29935: result: no
configure:30049: checking whether to enable mod_lbmethod_byrequests
configure:30108: result: checking dependencies
configure:30121: checking whether to enable mod_lbmethod_byrequests
configure:30131: result: shared
configure:30211: checking whether to enable mod_lbmethod_bytraffic
configure:30270: result: checking dependencies
configure:30283: checking whether to enable mod_lbmethod_bytraffic
configure:30293: result: shared
configure:30373: checking whether to enable mod_lbmethod_bybusyness
configure:30432: result: checking dependencies
configure:30445: checking whether to enable mod_lbmethod_bybusyness
configure:30455: result: shared
configure:30535: checking whether to enable mod_lbmethod_heartbeat
configure:30594: result: checking dependencies
configure:30607: checking whether to enable mod_lbmethod_heartbeat
configure:30617: result: shared
configure:30716: checking which MPM to use by default
configure:30738: result: event
configure:30921: checking for pthread_kill
configure:30921: /home/jiamin/gcc/bin/gcc -std=gnu99 -o conftest  -g -O2 -pthread  -DLINUX -D_REENTRANT -D_GNU_SOURCE   conftest.c  >&5
configure:30921: $? = 0
configure:30921: result: yes
configure:31183: checking whether to enable mod_unixd
configure:31244: result: shared
configure:31324: checking whether to enable mod_privileges
configure:31418: result: no
configure:31564: checking whether to enable mod_heartbeat
configure:31646: result: no
configure:31726: checking whether to enable mod_heartmonitor
configure:31787: result: no
configure:31908: checking whether to enable mod_dav
configure:31969: result: shared (most)
configure:32109: checking whether to enable mod_status
configure:32170: result: shared
configure:32250: checking whether to enable mod_autoindex
configure:32311: result: shared
configure:32391: checking whether to enable mod_asis
configure:32452: result: no
configure:32532: checking whether to enable mod_info
configure:32593: result: shared (most)
configure:32673: checking whether to enable mod_suexec
configure:32748: result: no
configure:32844: checking whether to enable mod_cgid
configure:32903: result: checking dependencies
configure:32945: checking whether to enable mod_cgid
configure:32955: result: shared (most)
configure:33035: checking whether to enable mod_cgi
configure:33096: result: no
configure:33624: checking whether to enable mod_dav_fs
configure:33683: result: checking dependencies
configure:33696: checking whether to enable mod_dav_fs
configure:33706: result: shared
configure:33829: checking whether to enable mod_dav_lock
configure:33911: result: no
configure:34010: checking for extra modules
configure:34069: result: none
configure:34090: checking whether to enable mod_vhost_alias
configure:34151: result: shared (most)
configure:34231: checking whether to enable mod_negotiation
configure:34292: result: shared (most)
configure:34372: checking whether to enable mod_dir
configure:34433: result: shared
configure:34513: checking whether to enable mod_imagemap
configure:34574: result: no
configure:34654: checking whether to enable mod_actions
configure:34715: result: shared (most)
configure:34795: checking whether to enable mod_speling
configure:34856: result: shared (most)
configure:34936: checking whether to enable mod_userdir
configure:34997: result: shared (most)
configure:35077: checking whether to enable mod_alias
configure:35138: result: shared
configure:35218: checking whether to enable mod_rewrite
configure:35279: result: shared (most)
configure:35791: 
configure:35793: Restore user-defined environment settings...
configure:35795: 
configure:35913: 
configure:35915: Construct makefiles and header files...
configure:35917: 
configure:36236: creating config_vars.mk
configure:36419: creating ./config.status

## ---------------------- ##
## Running config.status. ##
## ---------------------- ##

This file was extended by config.status, which was
generated by GNU Autoconf 2.69.  Invocation command line was

  CONFIG_FILES    = 
  CONFIG_HEADERS  = 
  CONFIG_LINKS    = 
  CONFIG_COMMANDS = 
  $ ./config.status 

on salat2

config.status:1190: creating docs/conf/httpd.conf
config.status:1190: creating docs/conf/extra/httpd-autoindex.conf
config.status:1190: creating docs/conf/extra/httpd-dav.conf
config.status:1190: creating docs/conf/extra/httpd-default.conf
config.status:1190: creating docs/conf/extra/httpd-info.conf
config.status:1190: creating docs/conf/extra/httpd-languages.conf
config.status:1190: creating docs/conf/extra/httpd-manual.conf
config.status:1190: creating docs/conf/extra/httpd-mpm.conf
config.status:1190: creating docs/conf/extra/httpd-multilang-errordoc.conf
config.status:1190: creating docs/conf/extra/httpd-ssl.conf
config.status:1190: creating docs/conf/extra/httpd-userdir.conf
config.status:1190: creating docs/conf/extra/httpd-vhosts.conf
config.status:1190: creating docs/conf/extra/proxy-html.conf
config.status:1190: creating include/ap_config_layout.h
config.status:1190: creating support/apxs
config.status:1190: creating support/apachectl
config.status:1190: creating support/dbmmanage
config.status:1190: creating support/envvars-std
config.status:1190: creating support/log_server_status
config.status:1190: creating support/logresolve.pl
config.status:1190: creating support/phf_abuse_log.cgi
config.status:1190: creating support/split-logfile
config.status:1190: creating build/rules.mk
config.status:1190: creating build/pkg/pkginfo
config.status:1190: creating build/config_vars.sh
config.status:1190: creating include/ap_config_auto.h
config.status:1374: executing default commands

## ---------------- ##
## Cache variables. ##
## ---------------- ##

ac_cv_APR_HAS_LDAP=no
ac_cv_build=x86_64-unknown-linux-gnu
ac_cv_c_compiler_gnu=yes
ac_cv_c_const=yes
ac_cv_define_APR_HAS_DSO=yes
ac_cv_define_APR_HAS_RANDOM=yes
ac_cv_define_APR_HAS_THREADS=yes
ac_cv_define_APR_HAVE_IPV6=yes
ac_cv_env_CC_set=set
ac_cv_env_CC_value=/home/jiamin/gcc/bin/gcc
ac_cv_env_CFLAGS_set=
ac_cv_env_CFLAGS_value=
ac_cv_env_CPPFLAGS_set=
ac_cv_env_CPPFLAGS_value=
ac_cv_env_CPP_set=
ac_cv_env_CPP_value=
ac_cv_env_LDFLAGS_set=
ac_cv_env_LDFLAGS_value=
ac_cv_env_LIBS_set=
ac_cv_env_LIBS_value=
ac_cv_env_build_alias_set=
ac_cv_env_build_alias_value=
ac_cv_env_host_alias_set=
ac_cv_env_host_alias_value=
ac_cv_env_target_alias_set=
ac_cv_env_target_alias_value=
ac_cv_func_ENGINE_init=yes
ac_cv_func_ENGINE_load_builtin_engines=yes
ac_cv_func_RAND_egd=yes
ac_cv_func_SSL_CTX_new=yes
ac_cv_func_SSLeay_version=yes
ac_cv_func_bindprocessor=no
ac_cv_func_epoll_create=yes
ac_cv_func_fopen64=yes
ac_cv_func_getgrnam=yes
ac_cv_func_getloadavg=yes
ac_cv_func_getpgid=yes
ac_cv_func_getpwnam=yes
ac_cv_func_initgroups=yes
ac_cv_func_killpg=yes
ac_cv_func_kqueue=no
ac_cv_func_port_create=no
ac_cv_func_prctl=yes
ac_cv_func_pthread_kill=yes
ac_cv_func_setsid=yes
ac_cv_func_syslog=yes
ac_cv_func_timegm=yes
ac_cv_func_times=yes
ac_cv_gettid=yes
ac_cv_have_threadsafe_pollset=yes
ac_cv_header_bstring_h=no
ac_cv_header_grp_h=yes
ac_cv_header_inttypes_h=yes
ac_cv_header_limits_h=yes
ac_cv_header_memory_h=yes
ac_cv_header_minix_config_h=no
ac_cv_header_openssl_engine_h=yes
ac_cv_header_pwd_h=yes
ac_cv_header_stdc=yes
ac_cv_header_stdint_h=yes
ac_cv_header_stdlib_h=yes
ac_cv_header_string_h=yes
ac_cv_header_strings_h=yes
ac_cv_header_sys_ipc_h=yes
ac_cv_header_sys_loadavg_h=no
ac_cv_header_sys_prctl_h=yes
ac_cv_header_sys_processor_h=no
ac_cv_header_sys_resource_h=yes
ac_cv_header_sys_sdt_h=no
ac_cv_header_sys_sem_h=yes
ac_cv_header_sys_socket_h=yes
ac_cv_header_sys_stat_h=yes
ac_cv_header_sys_time_h=yes
ac_cv_header_sys_times_h=yes
ac_cv_header_sys_types_h=yes
ac_cv_header_sys_wait_h=yes
ac_cv_header_unistd_h=yes
ac_cv_host=x86_64-unknown-linux-gnu
ac_cv_mkdir_p=yes
ac_cv_nghttp2=no
ac_cv_objext=o
ac_cv_openssl=yes
ac_cv_path_EGREP='/bin/grep -E'
ac_cv_path_GREP=/bin/grep
ac_cv_path_PCRE_CONFIG=/home/jiamin/usr/bin/pcre-config
ac_cv_path_PKGCONFIG=/usr/bin/pkg-config
ac_cv_path_RM=/bin/rm
ac_cv_path_RSYNC=/usr/bin/rsync
ac_cv_prog_AWK=gawk
ac_cv_prog_CPP='/home/jiamin/gcc/bin/gcc -E'
ac_cv_prog_LYNX_PATH=links
ac_cv_prog_ac_ct_CC=/home/jiamin/gcc/bin/gcc
ac_cv_prog_ac_ct_RANLIB=ranlib
ac_cv_prog_cc_c89=
ac_cv_prog_cc_c99=-std=gnu99
ac_cv_prog_cc_g=yes
ac_cv_safe_to_define___extensions__=yes
ac_cv_search_crypt=-lcrypt
ac_cv_search_sqrt=-lm
ac_cv_search_strerror='none required'
ac_cv_struct_tm_gmtoff=yes
ac_cv_target=x86_64-unknown-linux-gnu
ac_cv_type_rlim_t=yes
ap_cv_aprver13=yes
ap_cv_apuver13=yes
ap_cv_void_ptr_lt_long=no
ap_cv_zlib=/usr

## ----------------- ##
## Output variables. ##
## ----------------- ##

APACHECTL_ULIMIT='ulimit -S -n `ulimit -H -n`'
APR_BINDIR='/home/jiamin/usr/bin'
APR_CONFIG='/home/jiamin/usr/bin/apr-1-config'
APR_INCLUDEDIR='/home/jiamin/usr/include/apr-1'
APR_VERSION='1.5.2'
APU_BINDIR='/home/jiamin/usr/bin'
APU_CONFIG='/home/jiamin/usr/bin/apu-1-config'
APU_INCLUDEDIR='/home/jiamin/usr/include/apr-1'
APU_VERSION='1.5.4'
AP_BUILD_SRCLIB_DIRS=''
AP_CLEAN_SRCLIB_DIRS=''
AP_LIBS='$(MOD_SO_LDADD) $(MOD_HTTP_LDADD) $(MOD_MPM_EVENT_LDADD)  /home/jiamin/usr/lib/libaprutil-1.la     -lexpat  /home/jiamin/usr/lib/libapr-1.la -lrt -lcrypt  -lpthread'
AWK='gawk'
BUILTIN_LIBS=' modules/core/libmod_so.la modules/http/libmod_http.la'
CC='/home/jiamin/gcc/bin/gcc -std=gnu99'
CFLAGS=''
CORE_IMPLIB=''
CORE_IMPLIB_FILE=''
CPP='/home/jiamin/gcc/bin/gcc -E'
CPPFLAGS=''
CRYPT_LIBS='-lcrypt '
CXX='/home/jiamin/gcc/bin/g++'
CXXFLAGS=''
DEFS='-DHAVE_CONFIG_H'
DSO_MODULES=' authn_file authn_dbm authn_anon authn_dbd authn_socache authn_core authz_host authz_groupfile authz_user authz_dbm authz_owner authz_dbd authz_core access_compat auth_basic auth_form auth_digest allowmethods file_cache cache cache_disk cache_socache socache_shmcb socache_dbm socache_memcache watchdog macro dbd dumpio buffer ratelimit reqtimeout ext_filter request include filter substitute sed deflate mime log_config log_debug logio env expires headers unique_id setenvif version remoteip proxy proxy_connect proxy_ftp proxy_http proxy_fcgi proxy_scgi proxy_wstunnel proxy_ajp proxy_balancer proxy_express proxy_hcheck session session_cookie session_dbd slotmem_shm ssl lbmethod_byrequests lbmethod_bytraffic lbmethod_bybusyness lbmethod_heartbeat unixd dav status autoindex info cgid dav_fs vhost_alias negotiation dir actions speling userdir alias rewrite'
DTRACE='true'
ECHO_C=''
ECHO_N='-n'
ECHO_T=''
EGREP='/bin/grep -E'
ENABLED_DSO_MODULES=',authn_file,authn_core,authz_host,authz_groupfile,authz_user,authz_core,access_compat,auth_basic,reqtimeout,filter,mime,log_config,env,headers,setenvif,version,unixd,status,autoindex,dir,alias'
EXEEXT=''
EXTRA_CFLAGS=' -g -O2 -pthread'
EXTRA_CPPFLAGS=' -DLINUX -D_REENTRANT -D_GNU_SOURCE'
EXTRA_CXXFLAGS=''
EXTRA_INCLUDES='-I. -I$(top_srcdir)/os/$(OS_DIR) -I$(top_srcdir)/include -I/home/jiamin/usr/include/apr-1 -I/home/jiamin/usr/include -I$(top_srcdir)/modules/aaa -I$(top_srcdir)/modules/cache -I$(top_srcdir)/modules/core -I$(top_srcdir)/modules/database -I$(top_srcdir)/modules/filters -I$(top_srcdir)/modules/ldap -I$(top_srcdir)/modules/loggers -I$(top_srcdir)/modules/lua -I$(top_srcdir)/modules/proxy -I$(top_srcdir)/modules/session -I$(top_srcdir)/modules/ssl -I$(top_srcdir)/modules/test -I$(top_srcdir)/server -I$(top_srcdir)/modules/arch/unix -I$(top_srcdir)/modules/dav/main -I$(top_srcdir)/modules/generators -I$(top_srcdir)/modules/mappers'
EXTRA_LDFLAGS=' '
EXTRA_LIBS=''
GREP='/bin/grep'
HTTPD_LDFLAGS='-export-dynamic'
HTTPD_MMN='20120211'
HTTPD_VERSION='2.4.23'
INCLUDES=''
INSTALL='$(LIBTOOL) --mode=install $(abs_srcdir)/build/install.sh -c'
INSTALL_DSO='yes'
INSTALL_PROG_FLAGS=''
INTERNAL_CPPFLAGS=''
LDFLAGS=''
LIBOBJS=''
LIBS=''
LIBTOOL='/home/jiamin/usr/build-1/libtool $(LTFLAGS)'
LN_S='ln -s'
LOAD_ALL_MODULES='no'
LTCFLAGS='-prefer-non-pic -static'
LTFLAGS='--silent'
LTLIBOBJS=''
LT_LDFLAGS=''
LUA_CFLAGS=''
LUA_LIBS=''
LYNX_PATH='links'
MATH_LIBS='-lm '
MKDEP='$(CC) -MM'
MKINSTALLDIRS='$(abs_srcdir)/build/mkdir.sh'
MK_IMPLIB=''
MODULE_CLEANDIRS=' arch/win32 echo examples experimental ldap lua test http2 cluster dav/lock'
MODULE_DIRS=' aaa cache core database debugging filters http loggers metadata proxy session slotmem ssl proxy/balancers arch/unix dav/main generators dav/fs mappers'
MOD_ACCESS_COMPAT_LDADD=''
MOD_ACTIONS_LDADD=''
MOD_ALIAS_LDADD=''
MOD_ALLOWMETHODS_LDADD=''
MOD_ASIS_LDADD=''
MOD_AUTHNZ_FCGI_LDADD=''
MOD_AUTHNZ_LDAP_LDADD=''
MOD_AUTHN_ANON_LDADD=''
MOD_AUTHN_CORE_LDADD=''
MOD_AUTHN_DBD_LDADD=''
MOD_AUTHN_DBM_LDADD=''
MOD_AUTHN_FILE_LDADD=''
MOD_AUTHN_SOCACHE_LDADD=''
MOD_AUTHZ_CORE_LDADD=''
MOD_AUTHZ_DBD_LDADD=''
MOD_AUTHZ_DBM_LDADD=''
MOD_AUTHZ_GROUPFILE_LDADD=''
MOD_AUTHZ_HOST_LDADD=''
MOD_AUTHZ_OWNER_LDADD=''
MOD_AUTHZ_USER_LDADD=''
MOD_AUTH_BASIC_LDADD=''
MOD_AUTH_DIGEST_LDADD=''
MOD_AUTH_FORM_LDADD=''
MOD_AUTOINDEX_LDADD=''
MOD_BUCKETEER_LDADD=''
MOD_BUFFER_LDADD=''
MOD_CACHE_DISK_LDADD=''
MOD_CACHE_LDADD=''
MOD_CACHE_SOCACHE_LDADD=''
MOD_CASE_FILTER_IN_LDADD=''
MOD_CASE_FILTER_LDADD=''
MOD_CERN_META_LDADD=''
MOD_CGID_LDADD=''
MOD_CGI_LDADD=''
MOD_CHARSET_LITE_LDADD=''
MOD_DATA_LDADD=''
MOD_DAV_FS_LDADD=''
MOD_DAV_LDADD=''
MOD_DAV_LOCK_LDADD=''
MOD_DBD_LDADD=''
MOD_DEFLATE_LDADD=' -lz'
MOD_DIALUP_LDADD=''
MOD_DIR_LDADD=''
MOD_DUMPIO_LDADD=''
MOD_ECHO_LDADD=''
MOD_ENV_LDADD=''
MOD_EXAMPLE_HOOKS_LDADD=''
MOD_EXAMPLE_IPC_LDADD=''
MOD_EXPIRES_LDADD=''
MOD_EXT_FILTER_LDADD=''
MOD_FILE_CACHE_LDADD=''
MOD_FILTER_LDADD=''
MOD_HEADERS_LDADD=''
MOD_HEARTBEAT_LDADD=''
MOD_HEARTMONITOR_LDADD=''
MOD_HTTP2_LDADD=''
MOD_HTTP_LDADD=''
MOD_IDENT_LDADD=''
MOD_IMAGEMAP_LDADD=''
MOD_INCLUDE_LDADD=''
MOD_INFO_LDADD=''
MOD_ISAPI_LDADD=''
MOD_LBMETHOD_BYBUSYNESS_LDADD=''
MOD_LBMETHOD_BYREQUESTS_LDADD=''
MOD_LBMETHOD_BYTRAFFIC_LDADD=''
MOD_LBMETHOD_HEARTBEAT_LDADD=''
MOD_LDAP_LDADD=''
MOD_LOGIO_LDADD=''
MOD_LOG_CONFIG_LDADD=''
MOD_LOG_DEBUG_LDADD=''
MOD_LOG_FORENSIC_LDADD=''
MOD_LUA_LDADD=''
MOD_MACRO_LDADD=''
MOD_MIME_LDADD=''
MOD_MIME_MAGIC_LDADD=''
MOD_MPM_EVENT_LDADD=''
MOD_NEGOTIATION_LDADD=''
MOD_OPTIONAL_FN_EXPORT_LDADD=''
MOD_OPTIONAL_FN_IMPORT_LDADD=''
MOD_OPTIONAL_HOOK_EXPORT_LDADD=''
MOD_OPTIONAL_HOOK_IMPORT_LDADD=''
MOD_PRIVILEGES_LDADD=''
MOD_PROXY_AJP_LDADD=''
MOD_PROXY_BALANCER_LDADD=''
MOD_PROXY_CONNECT_LDADD=''
MOD_PROXY_EXPRESS_LDADD=''
MOD_PROXY_FCGI_LDADD=''
MOD_PROXY_FDPASS_LDADD=''
MOD_PROXY_FTP_LDADD=''
MOD_PROXY_HCHECK_LDADD=''
MOD_PROXY_HTML_LDADD=''
MOD_PROXY_HTTP2_LDADD=''
MOD_PROXY_HTTP_LDADD=''
MOD_PROXY_LDADD=''
MOD_PROXY_SCGI_LDADD=''
MOD_PROXY_WSTUNNEL_LDADD=''
MOD_RATELIMIT_LDADD=''
MOD_REFLECTOR_LDADD=''
MOD_REMOTEIP_LDADD=''
MOD_REQTIMEOUT_LDADD=''
MOD_REQUEST_LDADD=''
MOD_REWRITE_LDADD=''
MOD_SED_LDADD='-export-symbols-regex sed_module'
MOD_SESSION_COOKIE_LDADD=''
MOD_SESSION_CRYPTO_LDADD=''
MOD_SESSION_DBD_LDADD=''
MOD_SESSION_LDADD=''
MOD_SETENVIF_LDADD=''
MOD_SLOTMEM_PLAIN_LDADD=''
MOD_SLOTMEM_SHM_LDADD=''
MOD_SOCACHE_DBM_LDADD=''
MOD_SOCACHE_DC_LDADD=''
MOD_SOCACHE_MEMCACHE_LDADD=''
MOD_SOCACHE_SHMCB_LDADD=''
MOD_SO_ENABLED='yes'
MOD_SO_LDADD=''
MOD_SPELING_LDADD=''
MOD_SSL_LDADD='-export-symbols-regex ssl_module'
MOD_STATUS_LDADD=''
MOD_SUBSTITUTE_LDADD=''
MOD_SUEXEC_LDADD=''
MOD_UNIQUE_ID_LDADD=''
MOD_UNIXD_LDADD=''
MOD_USERDIR_LDADD=''
MOD_USERTRACK_LDADD=''
MOD_VERSION_LDADD=''
MOD_VHOST_ALIAS_LDADD=''
MOD_WATCHDOG_LDADD=''
MOD_XML2ENC_LDADD=''
MPM_LIB='server/mpm/event/libevent.la'
MPM_SUBDIRS=' event '
NONPORTABLE_SUPPORT='checkgid fcgistarter'
NOTEST_CFLAGS=''
NOTEST_CPPFLAGS=''
NOTEST_CXXFLAGS=''
NOTEST_LDFLAGS=''
NOTEST_LIBS=''
OBJEXT='o'
OS='unix'
OS_DIR='unix'
OS_SPECIFIC_VARS=''
PACKAGE_BUGREPORT=''
PACKAGE_NAME=''
PACKAGE_STRING=''
PACKAGE_TARNAME=''
PACKAGE_URL=''
PACKAGE_VERSION=''
PATH_SEPARATOR=':'
PCRE_CONFIG='/home/jiamin/usr/bin/pcre-config'
PCRE_LIBS='-L/home/jiamin/usr/lib -lpcre'
PICFLAGS=''
PILDFLAGS=''
PKGCONFIG='/usr/bin/pkg-config'
PORT='80'
POST_SHARED_CMDS='echo ""'
PRE_SHARED_CMDS='echo ""'
RANLIB='ranlib'
RM='/bin/rm'
RSYNC='/usr/bin/rsync'
SHELL='/bin/sh'
SHLIBPATH_VAR='LD_LIBRARY_PATH'
SHLTCFLAGS='-prefer-pic'
SH_LDFLAGS=''
SH_LIBS=''
SH_LIBTOOL='$(LIBTOOL)'
SSLPORT='443'
UTIL_LDFLAGS=''
ab_CFLAGS=' '
ab_LDFLAGS='  -lssl -lcrypto -lrt -lcrypt -lpthread'
ab_LTFLAGS=''
abs_srcdir='/home/jiamin/httpd-2.4.23'
ac_ct_CC='/home/jiamin/gcc/bin/gcc'
ap_make_delimiter=' '
ap_make_include='include'
bindir='${exec_prefix}/bin'
build='x86_64-unknown-linux-gnu'
build_alias=''
build_cpu='x86_64'
build_os='linux-gnu'
build_vendor='unknown'
cgidir='${datadir}/cgi-bin'
checkgid_LTFLAGS=''
datadir='${prefix}'
datarootdir='${prefix}/share'
docdir='${datarootdir}/doc/${PACKAGE}'
dvidir='${docdir}'
errordir='${datadir}/error'
exec_prefix='${prefix}'
exp_bindir='/home/jiamin/usr/bin'
exp_cgidir='/home/jiamin/usr/cgi-bin'
exp_datadir='/home/jiamin/usr'
exp_errordir='/home/jiamin/usr/error'
exp_exec_prefix='/home/jiamin/usr'
exp_htdocsdir='/home/jiamin/usr/htdocs'
exp_iconsdir='/home/jiamin/usr/icons'
exp_includedir='/home/jiamin/usr/include'
exp_installbuilddir='/home/jiamin/usr/build'
exp_libdir='/home/jiamin/usr/lib'
exp_libexecdir='/home/jiamin/usr/modules'
exp_localstatedir='/home/jiamin/usr'
exp_logfiledir='/home/jiamin/usr/logs'
exp_mandir='/home/jiamin/usr/man'
exp_manualdir='/home/jiamin/usr/manual'
exp_proxycachedir='/home/jiamin/usr/proxy'
exp_runtimedir='/home/jiamin/usr/logs'
exp_sbindir='/home/jiamin/usr/bin'
exp_sysconfdir='/home/jiamin/usr/conf'
fcgistarter_LTFLAGS=''
host='x86_64-unknown-linux-gnu'
host_alias=''
host_cpu='x86_64'
host_os='linux-gnu'
host_vendor='unknown'
htcacheclean_LTFLAGS=''
htdbm_LTFLAGS=''
htdigest_LTFLAGS=''
htdocsdir='${datadir}/htdocs'
htmldir='${docdir}'
htpasswd_LTFLAGS=''
httxt2dbm_LTFLAGS=''
iconsdir='${datadir}/icons'
includedir='${prefix}/include'
infodir='${datarootdir}/info'
installbuilddir='${datadir}/build'
libdir='${exec_prefix}/lib'
libexecdir='${exec_prefix}/modules'
localedir='${datarootdir}/locale'
localstatedir='${prefix}'
logfiledir='${localstatedir}/logs'
logresolve_LTFLAGS=''
mandir='${prefix}/man'
manualdir='${datadir}/manual'
oldincludedir='/usr/include'
other_targets=''
pdfdir='${docdir}'
perlbin='/usr/bin/perl'
prefix='/home/jiamin/usr'
progname='httpd'
program_transform_name='s,x,x,'
proxycachedir='${localstatedir}/proxy'
psdir='${docdir}'
rel_bindir='bin'
rel_cgidir='cgi-bin'
rel_datadir=''
rel_errordir='error'
rel_exec_prefix=''
rel_htdocsdir='htdocs'
rel_iconsdir='icons'
rel_includedir='include'
rel_installbuilddir='build'
rel_libdir='lib'
rel_libexecdir='modules'
rel_localstatedir=''
rel_logfiledir='logs'
rel_mandir='man'
rel_manualdir='manual'
rel_proxycachedir='proxy'
rel_runtimedir='logs'
rel_sbindir='bin'
rel_sysconfdir='conf'
rotatelogs_LTFLAGS=''
runtimedir='${localstatedir}/logs'
sbindir='${exec_prefix}/bin'
shared_build='shared-build'
sharedstatedir='${prefix}/com'
sysconfdir='${prefix}/conf'
target='x86_64-unknown-linux-gnu'
target_alias=''
target_cpu='x86_64'
target_os='linux-gnu'
target_vendor='unknown'

## ----------- ##
## confdefs.h. ##
## ----------- ##

/* confdefs.h */
#define PACKAGE_NAME ""
#define PACKAGE_TARNAME ""
#define PACKAGE_VERSION ""
#define PACKAGE_STRING ""
#define PACKAGE_BUGREPORT ""
#define PACKAGE_URL ""
#define STDC_HEADERS 1
#define HAVE_SYS_TYPES_H 1
#define HAVE_SYS_STAT_H 1
#define HAVE_STDLIB_H 1
#define HAVE_STRING_H 1
#define HAVE_MEMORY_H 1
#define HAVE_STRINGS_H 1
#define HAVE_INTTYPES_H 1
#define HAVE_STDINT_H 1
#define HAVE_UNISTD_H 1
#define __EXTENSIONS__ 1
#define _ALL_SOURCE 1
#define _GNU_SOURCE 1
#define _POSIX_PTHREAD_SEMANTICS 1
#define _TANDEM_SOURCE 1
#define STDC_HEADERS 1
#define HAVE_STRING_H 1
#define HAVE_LIMITS_H 1
#define HAVE_UNISTD_H 1
#define HAVE_SYS_SOCKET_H 1
#define HAVE_PWD_H 1
#define HAVE_GRP_H 1
#define HAVE_STRINGS_H 1
#define HAVE_SYS_PRCTL_H 1
#define HAVE_SYS_SEM_H 1
#define HAVE_SYS_WAIT_H 1
#define HAVE_GETPWNAM 1
#define HAVE_GETGRNAM 1
#define HAVE_INITGROUPS 1
#define HAVE_PRCTL 1
#define HAVE_TIMEGM 1
#define HAVE_GETPGID 1
#define HAVE_FOPEN64 1
#define HAVE_GETLOADAVG 1
#define HAVE_GETTID 1
#define HAVE_GMTOFF 1
#define HAVE_OPENSSL_ENGINE_H 1
#define HAVE_SSLEAY_VERSION 1
#define HAVE_SSL_CTX_NEW 1
#define HAVE_ENGINE_INIT 1
#define HAVE_ENGINE_LOAD_BUILTIN_ENGINES 1
#define HAVE_RAND_EGD 1
#define HAVE_OPENSSL 1
#define HAVE_SYS_TIME_H 1
#define HAVE_SYS_RESOURCE_H 1
#define HAVE_SYS_SEM_H 1
#define HAVE_SYS_IPC_H 1
#define HAVE_SETSID 1
#define HAVE_KILLPG 1
#define HAVE_UNISTD_H 1
#define HAVE_SYSLOG 1
#define HAVE_SYS_TIMES_H 1
#define HAVE_TIMES 1
#define HAVE_EPOLL_CREATE 1
#define HAVE_OPENSSL 1
#define HAVE_PTHREAD_KILL 1
#define AP_USING_AUTOCONF 1
#define SINGLE_LISTEN_UNSERIALIZED_ACCEPT 1
#define AP_NONBLOCK_WHEN_MULTI_LISTEN 1
#define AP_ENABLE_V4_MAPPED 1
#define HTTPD_ROOT "/home/jiamin/usr"
#define SERVER_CONFIG_FILE "conf/httpd.conf"
#define AP_TYPES_CONFIG_FILE "conf/mime.types"

configure: exit 0
